2
1000 2 1
393541935 384443071 1
904116620 376068425 1
358952842 398882081 1
598040507 480520825 1
387477225 675624908 1
776344620 315988983 1
241549504 561195318 1
629132956 226560116 1
614625449 396843159 1
473763415 596146015 1
794449099 279386416 1
390773904 646232381 1
679935788 352216653 1
383465526 394747592 1
243427430 605752361 1
589304045 442071519 1
277403246 599405989 1
879558545 354422523 1
357688124 645020315 1
629565735 166883359 1
492349218 292323565 1
575151676 489733044 1
588916961 576430171 1
45737912 308995655 1
385298669 351323385 1
421148521 302154112 1
662742872 179698942 1
529388229 213764986 1
634158061 240132655 1
98962982 485202928 1
22455366 350847980 1
178962111 604947533 1
658278107 213689842 1
173967319 572395299 1
532362691 215621007 1
411466172 404557218 1
713315469 209675424 1
429589577 315002700 1
406378319 423317425 1
659207254 344015867 1
714258500 275077422 1
187504227 594988772 1
199211587 559925467 1
61306253 431830906 1
566079283 151047056 1
403211935 685672873 1
475984776 598689854 1
483661327 591387965 1
254855246 558409971 1
279271744 607794924 1
637737860 478822376 1
895399100 344738900 1
905180684 420505731 1
484609233 608452549 1
506794615 591646191 1
440029183 281984458 1
369540533 388855330 1
628170538 210237087 1
583996297 433730443 1
82378162 304425891 1
586495089 182357197 1
164873971 591399370 1
752002460 220615727 1
39195715 427061560 1
340669014 477815781 1
281014538 651520833 1
289413323 618425172 1
154525028 525383779 1
408844304 246656007 1
563181640 183134253 1
280167583 600440641 1
208675841 529712722 1
265385233 473231251 1
367785194 291990938 1
655367995 202524691 1
170976491 554035073 1
367894267 443957539 1
584414985 472184229 1
629431659 473400668 1
190259468 635587216 1
362130277 408461553 1
70709146 470207452 1
610149001 229028271 1
633568061 363578193 1
865124993 303204266 1
812910894 268218309 1
579070538 523692322 1
607655704 336841156 1
599968963 469568894 1
929391525 473358584 1
134674321 522716267 1
404978136 314257630 1
421820020 287952938 1
104164576 373511500 1
581161462 488456838 1
776881317 229258322 1
207293310 604594574 1
911755014 432215181 1
845460201 407956717 1
608514525 443115662 1
674086355 361390514 1
535803599 223194361 1
641398709 428695730 1
217638243 618026094 1
317998388 411164219 1
310793700 437613729 1
896113614 365271165 1
140518233 449560399 1
485187530 251327936 1
606499499 232751984 1
164482994 618800865 1
543335858 445795601 1
807314101 299201018 1
838656727 266310329 1
544002110 546725737 1
608064050 382848577 1
60358524 329786083 1
690214038 205090359 1
513656005 555793073 1
372998141 367276041 1
485569560 626609412 1
520583159 209087454 1
183631815 536668354 1
74740375 502442125 1
432535011 612780339 1
793780092 223113310 1
784270798 229425689 1
577348145 521611367 1
541427114 544651119 1
482452889 219812448 1
575679249 568480576 1
658708809 416427582 1
92165097 459619796 1
75051778 494730241 1
566778861 528415925 1
386951093 620335086 1
636727983 370250423 1
869777466 352380755 1
863519478 347705633 1
580269599 401121397 1
607421833 540643793 1
488805063 597304895 1
53743352 379438156 1
874701350 314799068 1
493567337 193179189 1
59224834 354149844 1
912312753 497439309 1
502288154 234446572 1
110329016 419207024 1
379521034 360375905 1
842731999 234395982 1
95934936 475684547 1
182577404 570482668 1
356743151 440671655 1
846335860 502462269 1
109630778 541609871 1
441399749 304091627 1
92645111 469926636 1
335386754 609604879 1
479101338 620416756 1
621686513 487739565 1
129580683 419816041 1
863056899 296741534 1
415725825 334240603 1
628222489 214987486 1
887165289 325567309 1
416449048 593019282 1
383889257 456911160 1
369099077 301243697 1
406675315 441774441 1
323872862 661439831 1
441792529 223248821 1
676917589 280029298 1
83311584 456473126 1
674709045 174442804 1
495519150 598943818 1
485878614 246441579 1
899421708 458532442 1
367525801 462909601 1
402040187 618279826 1
525386112 229016106 1
909507202 378828775 1
336913170 442065832 1
384084343 426876994 1
357480568 411084449 1
592058999 562614749 1
383990648 367424195 1
843454820 244896603 1
741656060 245026911 1
339002791 439716204 1
409564594 362757864 1
321109618 622457008 1
429607000 293979098 1
392912512 649580599 1
645365647 195390023 1
405476669 362491339 1
66388115 491997547 1
903209938 465531276 1
426489285 592595743 1
491338081 535134519 1
124886149 477471092 1
253574486 578416344 1
850235641 323524924 1
382827016 628491517 1
363181185 604271532 1
894527977 290631946 1
923427937 465676897 1
263512182 542925222 1
451383124 614482418 1
971075507 400166984 1
486649210 253990285 1
369624970 424130941 1
491656236 257018130 1
589330964 459954385 1
882764905 394508893 1
224369513 613629060 1
560991543 191473601 1
742069524 197517240 1
883001425 454877287 1
22586544 449951469 1
904955956 373904158 1
467864318 215796712 1
904439670 432323696 1
649719985 391438534 1
276599481 624430922 1
112805101 518545409 1
6764218 369507119 1
426398930 270240685 1
385847677 625984108 1
484908794 582083433 1
274100377 636946897 1
414341037 292571318 1
795465968 272079804 1
409652626 284003972 1
517462753 227188075 1
45649636 385849394 1
934193213 410460887 1
22905553 453762055 1
613943007 491260872 1
627778440 545993557 1
751235905 301447995 1
523743233 549799365 1
852201713 331997570 1
447344160 665938848 1
317811277 607104747 1
912647599 494833169 1
423898961 593957474 1
453815532 333073871 1
925886595 474026485 1
169077379 544750303 1
58661715 427666250 1
237829746 614681491 1
456145132 596522565 1
273695347 608779354 1
868870348 327480357 1
493980576 260552956 1
491442490 286433694 1
854714433 421360577 1
303258253 379773718 1
499814949 562792416 1
138292340 544732123 1
312350947 355306813 1
716827046 235984013 1
73305462 571661441 1
457300403 216440255 1
939968142 413510388 1
685729836 342390851 1
641982851 467292320 1
601294980 220945092 1
872422164 429951539 1
461148146 302770249 1
396069626 446686702 1
374304810 679823307 1
598581686 378844665 1
168167342 531201911 1
456313822 275137500 1
295658909 610915363 1
446675238 306449468 1
70313285 501765335 1
422668769 607859103 1
418096518 272397656 1
133356777 466964956 1
431271035 293650628 1
158529543 531588441 1
558454017 532732422 1
859230186 378346366 1
931691880 488822753 1
112581696 461949938 1
516484631 244328830 1
790529675 274747174 1
88655630 402438472 1
643953895 236070383 1
315574739 309115103 1
697159931 182274809 1
597837737 455126898 1
861313123 327584493 1
637654495 180670811 1
886998155 420913118 1
438371771 303506325 1
100618382 475857760 1
649260184 439784868 1
402811569 336485056 1
90822531 324849170 1
893291421 379857472 1
681828221 227757939 1
78609138 322905764 1
573788855 483243166 1
846995516 354704453 1
254675089 617608836 1
110383417 510336807 1
261368023 620548497 1
901977653 490277341 1
850534911 377256713 1
192474121 563984016 1
713653101 187404352 1
627310814 195806872 1
587716369 519307897 1
366676411 619217484 1
114849824 508345317 1
931179037 456609435 1
116088238 535729119 1
420218585 621468361 1
435690883 237051157 1
219574749 576766976 1
397946545 304308120 1
0 358507557 1
325647333 588588046 1
638224833 195113050 1
416470878 612944700 1
640810611 181216296 1
438161455 608390569 1
567117928 283552474 1
713344093 218363131 1
448167518 612315016 1
353998142 424844507 1
757463287 256079564 1
79292878 327484449 1
543456830 583616055 1
871326296 329302868 1
41874842 335146510 1
38733338 440630430 1
310330019 614741174 1
451352484 278960121 1
587961804 217477881 1
521362092 221691130 1
742763314 186951259 1
797952444 253960459 1
716914022 190874908 1
877013939 290860886 1
352780792 618324298 1
493432867 228347827 1
636036508 444433987 1
612406542 218588903 1
531575585 549585319 1
631680236 194690162 1
908832929 317710012 1
308882991 628436874 1
70535855 373184061 1
291777994 586669976 1
916341342 370498023 1
123812647 465492506 1
405279298 324440909 1
164300492 507362086 1
603973263 423205141 1
66431515 440318495 1
421671731 614209230 1
614712336 483340351 1
589354096 532844641 1
373992937 394100041 1
398742467 258358236 1
236649000 646129255 1
286178989 614129115 1
360725657 317512624 1
686863459 228742224 1
630326030 378342038 1
589509717 465081978 1
545546382 584564739 1
387683428 571201336 1
603983694 216890072 1
376296288 319255905 1
777938670 236844265 1
407496962 275072027 1
560313085 226845034 1
627082780 177696166 1
664003075 204387066 1
457164685 532801903 1
703285136 224079315 1
102925842 463901307 1
527695359 534983483 1
513924735 563211505 1
56304295 471570264 1
476342649 280626235 1
346572307 325797578 1
386368107 643834685 1
131579556 442906631 1
529699969 571289897 1
528541833 597802236 1
886983521 363148140 1
151760695 558579658 1
611558914 412521725 1
356856039 581279117 1
753404098 261541613 1
123814553 515504641 1
679223597 219231445 1
333081276 480832925 1
227113185 580346581 1
775100419 231741479 1
780799754 219334225 1
342753341 621586030 1
882616050 283183694 1
311999994 611285771 1
772492583 195649398 1
429870823 326667737 1
860110326 265904640 1
720520186 223699286 1
611621674 479211093 1
660086934 178958991 1
437770202 353765547 1
587443198 505626712 1
308383733 462822827 1
572447187 497469499 1
725167789 181188648 1
68402125 524502495 1
378034360 616333115 1
274703372 451925378 1
908556181 436680938 1
287953449 628716852 1
107933645 475018500 1
488685785 557380695 1
576216925 188584000 1
815781820 236406009 1
495721072 602305013 1
366255999 398533791 1
565026021 260191766 1
398497336 279330741 1
694915039 204067789 1
625342365 412419184 1
676552719 198008966 1
782918601 167608402 1
185327309 587201776 1
130968529 386149476 1
479483944 530462151 1
522030232 221487883 1
910529125 445323235 1
108920397 434014789 1
109922213 615542190 1
506339147 226427494 1
153666728 568702070 1
550394108 218129490 1
622001461 497646891 1
332530874 495817069 1
859615860 381130050 1
521879879 590083748 1
100769144 546451718 1
815944482 225065108 1
904854876 462029733 1
78785202 357872206 1
372379192 408476871 1
112025386 481860125 1
889714280 410902483 1
244747671 598798283 1
409918109 597595308 1
626654483 445583620 1
113056905 497028142 1
543897440 490162968 1
410458031 597636297 1
882676937 321247721 1
612458939 541258262 1
706603205 194845620 1
446495715 271477279 1
25753192 403264852 1
453758765 549402744 1
693627275 167076238 1
349043547 477620770 1
897006132 418415177 1
433189076 574651241 1
131105407 454142121 1
733774266 184355936 1
636152602 205250323 1
854471748 253916742 1
275940412 587920527 1
353354634 448132151 1
420497086 581720942 1
571601989 523603424 1
323436233 465755405 1
358162275 384660575 1
932628264 403401837 1
639007322 228147890 1
534691532 600867446 1
169314145 511502608 1
650293272 331223119 1
60941503 434355965 1
615260704 222625969 1
451243025 621138655 1
621220904 440430476 1
204137101 560189831 1
57486129 355247743 1
497750933 587658111 1
108804159 483043284 1
334312589 446510655 1
608917333 234653969 1
321997671 648445975 1
207630796 643057714 1
841327561 323021159 1
344315049 619917056 1
106117309 470862615 1
575083171 378531092 1
361893634 644744674 1
535099661 569786245 1
559641084 166222926 1
276966247 642220791 1
565972806 552538736 1
919914725 420023109 1
495025931 224760310 1
259505822 684362100 1
364618256 604344730 1
487759619 546023688 1
445253735 580424460 1
556942775 544609419 1
415195071 552897983 1
93833032 512490792 1
99278728 479675195 1
452020399 277356077 1
52108859 358959838 1
279119262 608212024 1
742394660 250783769 1
416371373 346362348 1
426871406 598975724 1
602032696 357822455 1
363912774 387550374 1
397856659 466824194 1
58919619 440868033 1
768706024 253114385 1
349304901 516771896 1
394661862 280806546 1
59615091 473549185 1
635619322 408505850 1
448182610 332149349 1
478605237 219368141 1
61265110 331552997 1
613760386 480658459 1
232449662 599616704 1
650658363 213935329 1
644137931 375924898 1
499083863 277349877 1
585593920 535102756 1
550861267 524741058 1
513164294 220909899 1
640411374 182134798 1
350269976 492073050 1
324894722 433579048 1
495419553 591622800 1
243934106 637804627 1
469658131 266160048 1
355108898 434409854 1
254155443 528862339 1
393094676 378724144 1
885521069 334170812 1
757662399 258886917 1
292615497 390856762 1
340079563 316814529 1
351300038 591668906 1
172392961 578285474 1
445438201 645186766 1
104126898 408326624 1
229799537 587230042 1
877525471 443391134 1
899400682 450337204 1
549768716 205088560 1
97948536 557180980 1
778661298 219690033 1
593655523 519131516 1
625379658 178261979 1
652041449 336847855 1
148382728 484461035 1
352430622 394851376 1
649609738 221773389 1
18031222 490475121 1
473427980 276407865 1
308770364 633254539 1
847473985 240959487 1
677161734 298621515 1
204812840 601371994 1
56698729 398222453 1
527496439 193432185 1
359115047 395925597 1
440987811 605177312 1
531378783 194356308 1
894104357 301678755 1
36322473 447014132 1
153823179 516276799 1
615337754 197875599 1
659528721 418892154 1
913322401 520478480 1
871670428 357072524 1
167128816 523315864 1
572513233 487743833 1
263597597 565829366 1
251733440 585343345 1
535422182 569206474 1
577062892 442464398 1
394645860 365378994 1
928475568 325309750 1
569912997 523330923 1
224565354 561610632 1
460974327 562993198 1
81246471 512387765 1
641943809 254203475 1
880295805 464050618 1
601722244 436574168 1
626763365 153071337 1
796344937 226091606 1
79036919 518119225 1
93654907 386490704 1
270528610 640777489 1
580224982 220946467 1
588273122 192864801 1
495565516 566429919 1
117910841 534809924 1
356972918 625801910 1
397968819 591524934 1
598804520 229186875 1
402492598 384901914 1
936337880 511991142 1
926203672 421222256 1
771862859 234965508 1
825043308 308879825 1
327726269 544879160 1
95493710 325285731 1
640607952 171866760 1
679493804 428111447 1
816121178 306927121 1
91521380 502098277 1
236189976 520234939 1
350289555 651920709 1
823361953 298365449 1
201035567 523160549 1
436987777 252927654 1
867527394 314574596 1
775984350 180889960 1
415143246 349266842 1
189236552 572515362 1
872432648 439100599 1
841516676 365749871 1
391721050 431770327 1
920611004 428277639 1
481288181 259292268 1
731516997 266930957 1
321293660 616573547 1
716163060 248114066 1
347809607 662956764 1
806552111 259418852 1
272661213 576379447 1
494969935 250420443 1
77749658 404727779 1
865017806 298887706 1
369236382 309992358 1
606585797 412601142 1
461560222 567514418 1
367908009 684676766 1
293324730 685857276 1
755827774 260625965 1
805943411 219037739 1
534068740 517752044 1
466159665 556704566 1
534606254 205084187 1
138728651 483016924 1
117343858 537865474 1
381049501 358516424 1
152361691 534127324 1
565274099 472659035 1
924739918 422619603 1
95741719 361242499 1
829661962 173215374 1
474171595 275121605 1
338428590 460411948 1
338897753 644185084 1
84584717 432842791 1
304822111 594241446 1
704520156 210810061 1
344374218 424637931 1
592889240 533389302 1
594657772 238120204 1
292447974 646331545 1
285682935 683421424 1
920120572 398450766 1
605449877 521863002 1
260359405 612493568 1
814674983 235322499 1
597219399 377884785 1
110763995 380702927 1
415143826 568396590 1
812151811 265922644 1
614722850 467519610 1
402940193 342371535 1
804666638 242744642 1
509287450 222623677 1
273918418 626270369 1
691209395 408210194 1
339947835 449139585 1
486270248 267434222 1
546938702 210153965 1
613215331 453756915 1
320700693 629671327 1
411333840 307976088 1
804843622 209445102 1
731647568 257330837 1
587583092 227708999 1
927304122 400625017 1
885072326 327357549 1
843874298 273321040 1
812147810 268072372 1
382303507 312989154 1
371999194 356011429 1
748113603 168606822 1
866008299 293486643 1
506996577 267310559 1
621994277 434305515 1
901357226 367111068 1
411114737 317750554 1
757717755 214979835 1
86396292 518248861 1
390153161 381210787 1
929780624 505028136 1
828736615 271821221 1
589448278 447040754 1
854496254 359341674 1
787444258 278957629 1
875093423 289363432 1
490981900 194344366 1
666387986 194156189 1
440521756 593231803 1
365921618 610392650 1
927012449 363478061 1
117984681 542731214 1
68734653 484026680 1
425971837 655572692 1
381108173 330930018 1
881966750 316129958 1
863904430 496939007 1
193446157 630451392 1
640447320 449807538 1
521753519 228212450 1
547307635 545859474 1
335787152 461125143 1
244065711 614607813 1
752499948 217708407 1
931839921 433964018 1
587207479 510174886 1
536579661 263961758 1
271235040 584147089 1
485376793 574973502 1
833382398 206104159 1
556528473 486727676 1
650031985 232474014 1
341685115 671061670 1
70919370 491065203 1
666433489 210312474 1
560246501 454939410 1
128941696 404258303 1
498928658 201643560 1
790195886 287285090 1
915437354 443139771 1
615824101 423608796 1
409552483 389601351 1
141290189 485102896 1
348898927 369690441 1
505935029 280295366 1
568959135 219219554 1
366598051 400604520 1
531405151 250297109 1
602250501 432749941 1
709973026 202644068 1
228482914 555514636 1
524617227 215303870 1
762650798 253911409 1
233969103 521783374 1
450726039 235746500 1
817622845 295910579 1
744555835 222776600 1
497931587 520393034 1
883120585 315330837 1
744755673 241261680 1
206009667 570771972 1
119917511 525265850 1
184944068 598435197 1
440673097 328411422 1
717652173 259500951 1
863015986 353004416 1
637159035 377732745 1
602305130 477558748 1
98647464 414168587 1
885015409 431107959 1
536901813 497666379 1
576556840 189268022 1
530870019 573869330 1
502621081 618249903 1
339462953 404700701 1
652406704 291177472 1
417672770 572012284 1
895389560 294821811 1
759259961 197171836 1
583785971 380410623 1
196656735 555286488 1
100897839 511451060 1
32447523 389627170 1
950194433 513252765 1
531284044 398666348 1
141032819 555579972 1
338761410 597256412 1
439158561 611648168 1
900045183 384626401 1
357919902 679485521 1
84848275 522291234 1
172962067 555040470 1
457508888 592920648 1
616655543 466948827 1
170749368 550186010 1
849139994 384974935 1
376026692 629710642 1
890354824 335451974 1
619034495 425540363 1
806839020 280865682 1
591610311 503817043 1
412088108 334314221 1
872978129 290989323 1
834856117 312149453 1
483979153 231950139 1
534918242 213961292 1
440082591 611668270 1
459085089 290955679 1
82336397 381047213 1
575140733 510838092 1
451960967 580031002 1
84614142 449942872 1
370344002 536772323 1
579523443 356256654 1
425235334 594844277 1
829218595 248708430 1
407306037 650969534 1
440478683 270028506 1
402435284 653990148 1
478024076 241962982 1
144744225 490108131 1
387607121 390281643 1
385361959 633026132 1
894836923 457808840 1
491751777 288011763 1
583461010 445200030 1
577304189 544347436 1
534228295 570844700 1
166025319 602759821 1
71521724 329008596 1
652726861 385316958 1
625179605 417474979 1
526204216 204476362 1
499121793 552096745 1
126968904 529454963 1
560498383 182617243 1
488244276 618071764 1
837768155 214096112 1
547113786 617390518 1
372291503 405787645 1
610256644 365891275 1
436789784 641941409 1
240316121 628686579 1
621371077 424976093 1
945008906 398933574 1
558755223 425901965 1
181994645 558810271 1
1000000000 440547587 1
338968378 385684834 1
84760421 384704115 1
325687794 613853274 1
71064859 469729179 1
23843678 421424112 1
782788367 222251716 1
463389298 258260422 1
226841221 582107635 1
445478566 297463993 1
606732557 359598190 1
441101795 598676250 1
873963040 287807424 1
546088805 233386659 1
632664997 340310855 1
746200889 174627235 1
749453937 296899120 1
408044900 346803648 1
444549758 618294213 1
397839559 315545886 1
592498218 577007778 1
387019256 621097239 1
120921528 516072444 1
538631664 526605790 1
480731665 290664045 1
803690228 295411462 1
895109493 369020846 1
576667599 224594811 1
387218660 399174005 1
23146642 406684421 1
837213356 327979416 1
177537895 573905235 1
583115556 183584737 1
876699619 340113404 1
668978739 238150077 1
640891089 174172790 1
863552800 408867030 1
391387451 633205230 1
669486883 225144473 1
369149407 400748471 1
483452846 228794354 1
538181091 565954297 1
809973469 325402015 1
199942459 605699672 1
734259302 241034072 1
918020821 381965988 1
875176357 325625284 1
203529445 580166904 1
58614809 480642798 1
600591079 212203192 1
930301689 455889399 1
104354180 532213188 1
281990263 582934273 1
619700281 411393821 1
99198310 535164699 1
133874720 549798070 1
381777734 655229656 1
388635039 646071230 1
322381845 421430994 1
583534658 151599617 1
970534823 432666557 1
652036057 187768195 1
76225354 421243639 1
214825559 615328906 1
884643220 354072363 1
925278776 463004258 1
614366477 406975784 1
772764527 262631372 1
519936915 261651195 1
357952081 304576551 1
734296842 175613671 1
377665612 384841733 1
663313647 422572786 1
309240802 615831660 1
879087325 321292941 1
598317977 517014750 1
427993545 298206756 1
437194998 628478752 1
476486174 277987681 1
79775378 390604568 1
327219511 444542271 1
527608839 216031006 1
398032660 273832437 1
493964996 523310928 1
352228857 631022987 1
269056937 602187478 1
562625725 550006869 1
381625039 669922170 1
891502507 405588631 1
142838269 483933415 1
459585719 610162257 1
731368054 251595608 1
388495203 364684747 1
355406011 346105303 1
359998696 378771249 1
375721765 419178234 1
488998316 594806151 1
49226689 366737913 1
446540816 333985330 1
18507286 370811458 1
121752431 467966324 1
505849134 558577671 1
362845223 452017710 1
348093723 485828200 1
734765259 220431434 1
425748625 296205451 1
338323914 604221943 1
549959868 466681425 1
593119792 430019496 1
484191597 623660890 1
749422519 211002081 1
532292343 532118953 1
824797795 332806823 1
682663115 212725529 1
469476206 623935043 1
379871731 350959792 1
401220973 445322507 1
291691012 613611246 1
898366486 359010603 1
449273358 247094051 1
921784711 372616414 1
682594439 207989576 1
459854238 620035417 1
572462269 226906113 1
450637906 651428858 1
213979674 587094073 1
63870070 425147080 1
435065067 627509971 1
931030983 383007979 1
388951018 268290905 1
