2
2000 2 1
302142056 109888893 1
185092976 936919258 1
885139326 398458530 1
167736285 182207583 1
884315743 461159387 1
348540670 745500046 1
6857823 588524586 1
74461796 317606254 1
16161549 465291938 1
111853841 243539557 1
303778157 707395754 1
599527727 571747645 1
456640710 80597487 1
874680858 396640628 1
806123013 699548919 1
136330157 885151675 1
676394684 123139248 1
674083228 796869202 1
582119196 88528529 1
290691374 96580233 1
270889769 485889806 1
563920885 84228739 1
535001885 591706882 1
259166593 516256101 1
293324999 690040987 1
477520621 814516092 1
393148843 83439618 1
18894197 637124082 1
301541392 429092356 1
122420790 238947521 1
874381841 381057002 1
826522863 267403784 1
646507733 110669343 1
624327142 420820952 1
594425157 368793901 1
881027243 437309576 1
579247514 828111782 1
408678101 69537018 1
726809004 780433019 1
14817893 472951841 1
3730980 506635606 1
111096506 851303111 1
519237987 326052727 1
884627511 394069341 1
22786435 668134311 1
808265707 694135632 1
635056130 474553642 1
40347556 402600939 1
30838284 732510551 1
285934196 437105397 1
482958769 313378237 1
495325120 825402319 1
469922651 72821741 1
16788335 660771216 1
374248333 343779744 1
780179695 205216152 1
754511298 182846666 1
334280451 372113091 1
234775641 140961846 1
5625720 562121510 1
718415661 147071563 1
424604377 63424803 1
613924137 811533718 1
817345574 684926885 1
109623377 252672949 1
530204489 575002263 1
606731870 820295655 1
309612775 109572751 1
239394891 969518119 1
884224722 403744429 1
222963519 149676909 1
603085373 100290105 1
733659079 761889992 1
326106430 730962347 1
802528403 237186113 1
63333105 310755342 1
891466693 460838091 1
868013768 559979367 1
242147954 134199876 1
256596502 515200714 1
543546595 327505354 1
155336810 910271887 1
538717384 336718001 1
446035646 74568998 1
897045781 478691441 1
613282501 564254474 1
15015304 490178460 1
495781474 541290557 1
152752722 899168343 1
662931968 108065681 1
39305949 392091370 1
621241370 543186247 1
692064469 791970124 1
7198361 467011168 1
314387593 107293829 1
684614475 803302407 1
447518288 810581104 1
738017267 149754855 1
436597258 327636046 1
634051383 427859180 1
476176694 822887012 1
277514663 662177242 1
836491828 647667073 1
281577965 683031869 1
16070452 616119024 1
331973903 88295662 1
843740137 631373931 1
28415244 703643858 1
249270564 578013334 1
82939949 291315328 1
250437476 128425128 1
513900801 320155241 1
872622656 595346707 1
791803272 732152411 1
13768622 509788916 1
378042689 769800844 1
537274052 332519211 1
540782580 81272158 1
257178292 566579732 1
92049737 838268311 1
284992092 653110686 1
47800834 348641920 1
793988112 232463053 1
611497770 400870857 1
23710508 446534168 1
683859720 791217064 1
377240394 758353037 1
855511999 319971322 1
181393530 949751852 1
884853265 408048798 1
749546896 184405798 1
603223291 561668126 1
550115288 325845421 1
307196610 719686151 1
317924246 716270805 1
638763515 515312012 1
327144619 731624940 1
21808217 395978010 1
256220451 577419477 1
325847427 378988604 1
206429437 151699340 1
598888838 824446840 1
270217571 599754189 1
340570012 84474222 1
204548815 950458065 1
258661382 483160243 1
326687085 382407815 1
273889496 641061018 1
733821316 161086373 1
369391871 80966117 1
862206415 601221157 1
266495760 595438393 1
423020731 62853857 1
870050873 368435731 1
329509268 89589104 1
644385872 481551981 1
18334717 665713973 1
403936148 794749605 1
171655350 188596927 1
477190706 818877520 1
873057009 403492286 1
61438579 315804550 1
484250538 313000808 1
343049237 90261554 1
394361358 333851815 1
2521756 589739547 1
19678499 674391986 1
874473947 545128412 1
646568223 474629236 1
822001687 255820238 1
894418049 437262739 1
265948017 452816413 1
744725454 159557266 1
600103244 377946300 1
96390623 855844211 1
805646528 686992631 1
766284205 730032317 1
40092797 742001781 1
451860906 61841815 1
42059357 350562829 1
756140035 749876501 1
355456079 95564605 1
445986629 815145654 1
542377871 829187492 1
92905257 848021652 1
348370418 353289898 1
154788592 917922911 1
708622564 793827317 1
608120279 560180626 1
771437637 748592466 1
278353796 646310356 1
93154706 280679165 1
252778882 526052788 1
56586618 781631166 1
299492204 103732963 1
877770293 513864002 1
499310167 553052974 1
491071635 551249836 1
14690827 517524648 1
812473846 691467917 1
888170744 473409079 1
458854947 314258184 1
678356690 798084932 1
580797410 358434116 1
51140569 754890740 1
143996732 211008504 1
204173572 946915612 1
69765948 793567496 1
774763983 182706617 1
408595349 780426466 1
611437954 400441390 1
628647462 813460229 1
431286317 63248976 1
346079493 93109771 1
275488901 488314328 1
9412899 629831752 1
849403311 332017639 1
1365172 579194229 1
54238276 325832939 1
524486992 572479133 1
144423213 212146112 1
456799988 815053386 1
847481316 313273020 1
290692491 432244890 1
503623458 821087566 1
6839783 481818377 1
17157322 538477039 1
630704073 487128530 1
485470681 561755432 1
859070552 596154523 1
777956 540554997 1
431606528 798013129 1
601397360 572341689 1
881181289 392127110 1
255674399 596630647 1
866457581 387139701 1
312285791 96215845 1
43397812 372878219 1
731441410 159146786 1
588284497 570494076 1
354499249 759322345 1
12675617 446127040 1
808596422 217180511 1
863082906 352697683 1
46034288 376630137 1
888599419 474771875 1
728268604 164429075 1
889082814 406950509 1
689114221 118800260 1
440890627 801629400 1
199967459 170939104 1
344015111 84268072 1
375199772 341986587 1
349067051 747668025 1
479747576 547678626 1
882186564 529846334 1
258069368 539445725 1
315430148 396756892 1
274310821 635561826 1
346597111 745647058 1
161250290 916113913 1
506508875 313572017 1
24826704 459214757 1
61148652 332337530 1
254406620 597498161 1
713365985 788314367 1
788280119 729751083 1
31130939 433092187 1
547107569 81927600 1
237588783 970232517 1
736901023 752565668 1
716289403 787748073 1
491719246 554330701 1
15485673 566171169 1
583185661 342887275 1
551698301 344626794 1
621380584 534990376 1
641037740 507828867 1
5112215 599412164 1
181874441 921116010 1
544409538 824482117 1
11068291 606085450 1
573898442 581622385 1
430098540 327162279 1
270674734 458852179 1
604951981 565176317 1
698601558 132992551 1
633966693 403248482 1
684282853 131622548 1
867474552 325301222 1
373515822 773593400 1
135332575 224467221 1
801337028 703461770 1
23222723 405431293 1
890706554 454287084 1
643186272 808404660 1
292013894 423761049 1
463199955 319267925 1
675899744 792197279 1
802480831 225591295 1
47096273 333574414 1
197157842 170197319 1
14730196 504841900 1
332303221 375115355 1
117640369 850412762 1
737093334 157927851 1
263997160 525109405 1
572028642 826753430 1
9492213 480733536 1
806440987 692660222 1
707144209 794731100 1
322108141 378733656 1
647949508 477544419 1
486991322 312983446 1
390288984 83552166 1
216683364 956669141 1
658274455 112419708 1
361909899 758786350 1
287863827 102156111 1
37925398 737312401 1
391158271 777190152 1
18478566 520980630 1
545165950 85242939 1
26326826 452788032 1
668976908 813713928 1
16521201 521057514 1
147247883 914089461 1
858782670 590961591 1
437730452 331257563 1
64658576 761394606 1
644204715 504920543 1
118435371 222275668 1
739875156 758078114 1
16444804 429061239 1
482293720 814641954 1
530979059 321654879 1
183114615 927570965 1
113119855 254988913 1
815705022 228522880 1
270229293 592445363 1
371953681 350791606 1
357242893 87063647 1
607687191 552420422 1
319195234 711654273 1
393654009 83251244 1
56049775 354358990 1
574225631 823871931 1
61407825 767869024 1
450430072 78748916 1
252401032 132025673 1
679580203 795315878 1
541485081 82158662 1
316806799 90434703 1
168684617 187349139 1
821666015 242829034 1
623128701 97969941 1
79390369 303588244 1
575239738 582873807 1
567679940 820443289 1
234522843 972360479 1
153766703 896488272 1
552841220 821586329 1
280739525 108229847 1
66199838 789041351 1
447280527 803939761 1
549893553 76178800 1
261746575 499725855 1
487696522 317676113 1
149647988 200073185 1
59962549 772494894 1
600308715 376607768 1
107957404 839678985 1
1371357 550146725 1
512086511 72080024 1
323324680 716767291 1
294628378 411342479 1
298304503 669856454 1
845785800 277969835 1
772964196 735599118 1
42354848 739437190 1
199569707 958925716 1
80855483 301940875 1
615949340 393103879 1
349308058 85165973 1
147052925 889387999 1
498473305 310164027 1
333120329 742184126 1
538201968 573607756 1
40490900 738797707 1
444979135 802565087 1
825016805 254110553 1
792644033 700329772 1
542858747 830708021 1
375909849 766796344 1
648448235 452011174 1
416667308 76690933 1
70690734 310100532 1
15730371 593866468 1
108419421 840486468 1
882802524 502920097 1
14452741 461275506 1
283459873 681971016 1
639566461 430349638 1
13287994 567276984 1
141453314 217933797 1
871913808 369260052 1
43549419 349637318 1
835584199 666219662 1
870277046 372210993 1
405982801 77265790 1
588341081 813242755 1
746628192 762174760 1
642675196 464794593 1
111664782 268317801 1
214826762 152097851 1
827074222 256751713 1
872555711 368775017 1
876338225 543308824 1
742146406 162209496 1
109450203 853880679 1
268857485 471340715 1
708005316 773647851 1
289972593 672125335 1
659626795 113797346 1
278783850 658556817 1
257821603 542257130 1
131379032 876222778 1
783322668 729060909 1
318473177 107460376 1
260975600 513975940 1
50370122 352232866 1
635869941 420190006 1
757246799 177126908 1
616130064 380819109 1
879336577 503682127 1
873065503 379233809 1
284559705 683875867 1
548767299 325270071 1
747880476 767159241 1
622248782 93023720 1
341733123 741650316 1
59607111 309538209 1
822039666 250501981 1
529914510 80008036 1
509425169 817928922 1
543788816 823714922 1
604325886 91442150 1
497429887 73408659 1
13201239 481721817 1
4873896 473480233 1
540104222 77709656 1
223721935 147121592 1
522227417 827711549 1
521591806 578146497 1
828113590 681794170 1
74657157 313975670 1
586081281 363116089 1
702252674 135094100 1
513436279 81558518 1
453265960 323197636 1
544776997 824742701 1
647093949 475842171 1
89303231 837032905 1
507866699 565716894 1
705293488 137182508 1
491919122 76253712 1
21876952 421510864 1
614761944 537670615 1
267777528 114933445 1
2062359 516171000 1
561357268 571556129 1
296941743 410687406 1
21558035 619647303 1
177049062 927619577 1
86609655 833508986 1
260178111 123161683 1
12644204 514704244 1
848348922 326677365 1
35743465 409405589 1
732731573 166467429 1
389505943 786790438 1
17706524 417234737 1
320364815 717985694 1
256728749 566344089 1
4517835 566691653 1
183098320 933464085 1
754918465 740560935 1
171694853 191251752 1
583207866 571360591 1
263116032 637838229 1
326488492 714848934 1
236137680 980120734 1
640276363 515841988 1
255503832 518561048 1
27413909 439044351 1
197600854 934726685 1
884000883 498911902 1
828570009 274913704 1
276501169 649479627 1
608277246 559206805 1
637004699 411725790 1
591551431 565773984 1
604689601 92608150 1
645168220 476350155 1
45831114 344436014 1
225868216 978380114 1
314986358 714552432 1
260761707 551925667 1
816790526 682562881 1
249143402 530532312 1
106193810 245840837 1
143864081 214378970 1
690459766 784665859 1
556226360 585380254 1
35789958 696247383 1
522386703 573981570 1
77806772 799176151 1
268241025 509834816 1
456864156 814541796 1
485634607 313865682 1
18713459 669702545 1
792304781 703648247 1
297546814 411990354 1
154621522 199603958 1
813234025 243231717 1
885288048 450589864 1
382700447 77978662 1
207502931 161857597 1
530097921 579768133 1
430421439 809104928 1
865997436 603465924 1
868125431 593443794 1
840520245 672234266 1
363648274 78328306 1
888578305 486949818 1
96751933 827062651 1
336719180 364974017 1
9099045 623339309 1
853733429 627087884 1
197705001 161211257 1
640373626 822232265 1
196817620 942933033 1
882531033 388626282 1
400389414 81546385 1
883222937 392784864 1
1186099 595332141 1
346943621 89031451 1
185948619 158615259 1
639404824 479551115 1
135765059 203531317 1
336595560 93434612 1
463220809 806290210 1
509151985 823157956 1
375980849 348965590 1
318380617 713049809 1
149222265 908843926 1
264982328 513915736 1
886098453 448766838 1
12224789 584688250 1
24706397 708692470 1
624247539 390661581 1
144480172 216845052 1
315813284 94247427 1
142564934 908367865 1
833280077 676552755 1
499959106 77350426 1
587578229 81176484 1
882970400 445386114 1
18005084 517014823 1
872502577 379894255 1
819863566 672462060 1
829351293 682569031 1
490185773 75417987 1
111554208 240567610 1
9313745 603925375 1
603678146 555008869 1
596527890 365890398 1
291018589 118479888 1
400778110 78560712 1
623926019 513579770 1
20517969 456318710 1
443407134 65782325 1
267507267 508606300 1
513355089 821255139 1
520902334 334108679 1
863618668 355027428 1
290604771 685698372 1
8114715 652092007 1
889687041 535818557 1
425294246 318054833 1
458483773 809690045 1
839792182 647920079 1
647048377 804160866 1
109009227 834301887 1
107477273 852324537 1
388895646 330990218 1
13490132 468907285 1
302938238 418566533 1
74029169 820378765 1
348037426 358134031 1
747666634 160356035 1
57836763 357091695 1
782896438 218796236 1
19150313 645885183 1
602567898 563013763 1
163580771 924282832 1
716010806 781192742 1
773713165 732704005 1
829162242 277196718 1
178208605 929721654 1
275762455 475359613 1
437158186 313499454 1
823486160 256767701 1
615152069 551696225 1
406790302 73197199 1
814549466 675864008 1
205325435 948899595 1
12567770 640615447 1
506676904 813647684 1
228420729 132689179 1
401288534 79259101 1
800751594 707365229 1
269949381 119743056 1
499098918 550995812 1
589136803 98038370 1
256751328 519467168 1
108402061 252470426 1
129394675 230945574 1
825775351 653081787 1
592510919 559365855 1
302359174 95018363 1
283413618 451713794 1
41033294 383439376 1
891671077 487414372 1
112175138 254242028 1
515011405 573132868 1
211581807 161273933 1
400427688 344365310 1
87920601 827081134 1
800676504 693613706 1
793269099 695543890 1
600956681 384095708 1
495331325 536307031 1
532869598 579489112 1
335477349 89286798 1
842319425 638678432 1
791659972 711648148 1
740084358 765817507 1
98931073 253893814 1
609538644 393602854 1
149853202 904850697 1
125378033 221644356 1
12650560 618875067 1
472427582 68846377 1
257280171 545728123 1
485274963 815540944 1
108366179 857322346 1
10738444 652419864 1
395379748 321689470 1
822605609 698104997 1
297566853 92201924 1
828022520 688919298 1
18607518 609695094 1
826936338 284543888 1
403692610 331258981 1
638919623 478336357 1
529806850 827065164 1
28058550 657429781 1
740668421 168654795 1
477662563 324399718 1
279969865 664693418 1
776574128 721009725 1
396394395 341773000 1
250936141 131033022 1
533880725 579160120 1
806842393 229560512 1
460738259 313459297 1
253539590 573083892 1
228836566 138188084 1
881503349 508412903 1
233360100 971137623 1
538764356 589299481 1
792217299 724562746 1
25103142 419663480 1
597952592 369609489 1
52070197 743128153 1
685676001 124988431 1
43718279 730720784 1
495652307 532782417 1
781386430 724350924 1
829111594 654635035 1
80083207 827766994 1
486906581 814296885 1
211583440 151925915 1
224007825 139472569 1
747357055 763856051 1
600139600 566437509 1
301900643 106275083 1
17366676 610241998 1
19591924 505419829 1
827405307 257376604 1
819431093 663242341 1
861705625 344979887 1
150200778 912098592 1
528664612 574231600 1
557552418 70433645 1
632454355 492497757 1
246172817 125348095 1
882770583 380432536 1
387528424 81161255 1
49493730 750941449 1
170459643 922786033 1
630201747 509135001 1
553186646 86328406 1
69029254 773019874 1
650350999 116797382 1
68098788 807673666 1
107135922 852045954 1
604192464 570269419 1
168787465 915219383 1
526367700 337277206 1
834623698 649831162 1
432497472 805069140 1
840072959 284370657 1
286741729 108565953 1
7744020 518476903 1
16752562 488036551 1
885762798 453315158 1
713886843 152340946 1
588184692 564689519 1
61490343 335912694 1
513611148 62014932 1
672051152 799362480 1
217150964 145802459 1
880002510 505735862 1
640913336 105097401 1
841162772 275396931 1
1973164 576173996 1
636887927 449534478 1
257909780 496484403 1
117209027 257828668 1
542744683 833163216 1
645016553 113719798 1
493572087 529102288 1
884169983 469733106 1
10641441 655348566 1
11991848 473104490 1
658243917 806868080 1
358223465 80577512 1
861773438 609648126 1
822379306 691740283 1
648555533 107575763 1
585934131 360267787 1
30056658 709675816 1
641928191 499922640 1
9934835 523189934 1
370959605 760391691 1
880073097 440963659 1
367302702 74999528 1
500002527 67976772 1
891622796 409473718 1
271949743 498674630 1
861116744 574028216 1
885749863 398222431 1
735836857 753258834 1
273599036 457780249 1
558973892 589366157 1
624078693 422278764 1
491113043 550381336 1
293912969 408146873 1
873004165 388973847 1
867945100 389847261 1
632582827 812975860 1
666301479 119488789 1
884690894 479599039 1
557930600 590700748 1
174100124 937020900 1
748536947 170064724 1
535288347 590516212 1
340696581 369999104 1
281670878 452473828 1
113926078 227133839 1
813051430 256844192 1
382609098 346174588 1
253572620 590176210 1
69001868 807435556 1
888857976 486237713 1
358938 515902826 1
394274548 86849293 1
567790511 575248906 1
7225083 627237567 1
625051352 516451144 1
884657474 454424938 1
291450347 416710784 1
624945974 536013256 1
0 578512838 1
890361642 411181514 1
375589919 770573511 1
461690814 323536962 1
420405877 793626549 1
882786123 479584467 1
496887484 74496363 1
387221504 76738629 1
650836516 121151536 1
833831927 275020414 1
29115579 711662654 1
595269979 575212561 1
84841738 817112476 1
557877697 80671222 1
213402611 962666679 1
372295799 776928433 1
41636753 723149676 1
53144054 365254167 1
499584704 824686592 1
768466346 741780681 1
834036589 653676715 1
612276609 388614314 1
14607357 487850626 1
837503381 647713792 1
45899833 376894104 1
168217798 916485306 1
15043399 445313711 1
325593700 726068295 1
641806072 506564187 1
884964663 462176455 1
580937967 361057210 1
385288221 776734812 1
557435704 331559539 1
111615455 266578483 1
269139965 639428044 1
773294512 193521984 1
308868476 410792169 1
264123097 477415905 1
564812772 75092293 1
63300430 796285659 1
710239439 145274499 1
632671141 481698995 1
403697585 785223529 1
686790295 132098363 1
628752545 820718289 1
789469162 215503861 1
796214673 211125619 1
567705347 89696439 1
500710380 328334411 1
288800917 451896007 1
13359120 588427104 1
872888387 370933314 1
46085661 358321676 1
423669113 791868817 1
510830313 73012880 1
294742510 102976140 1
77200879 788010671 1
555053930 586992630 1
98955312 829406929 1
27950470 400165163 1
273987782 113522906 1
568129225 817248515 1
268995217 474546903 1
445243185 807045103 1
84321621 816819197 1
8306252 624000076 1
746749414 755201071 1
77022813 795364783 1
583960070 814710097 1
194308201 945017864 1
292948515 417016056 1
15511319 645942626 1
649332769 479850102 1
260356039 592047426 1
31800223 663905029 1
787717035 212219287 1
335160417 371502029 1
593693512 93924134 1
68930625 313121134 1
495314280 328001391 1
620937800 825358974 1
895498020 468609211 1
586750783 376889350 1
585214105 813449054 1
879176494 445901488 1
262515741 631793522 1
717207058 142855343 1
553160662 71861910 1
13279555 613960858 1
720479546 145214214 1
28590504 414844154 1
824010800 669717100 1
273460867 632872208 1
488603280 311643412 1
1146541 505335186 1
16030384 431554603 1
13052505 564816548 1
16762642 675536847 1
281265755 653190510 1
437622318 313950461 1
728040413 162463424 1
8718298 522911389 1
22443979 446104798 1
599681891 375133796 1
509429739 570908809 1
666170111 116953664 1
441861931 323041193 1
464828147 312307761 1
393594645 787363171 1
44155026 358746866 1
44713152 352282333 1
823550783 659765312 1
532945915 65290874 1
635325861 492066729 1
225868308 134901998 1
757348902 189351554 1
272457167 493663421 1
304985250 107089390 1
319650145 731375922 1
140138318 892948853 1
650401285 115783020 1
827833573 670990514 1
360115668 350909120 1
758640236 186542124 1
875013610 431654190 1
288131666 446541107 1
523168471 819048007 1
873114262 570200784 1
660233639 119717453 1
681389603 132325086 1
95398358 840903390 1
659920376 797283293 1
816560305 245957274 1
187176996 935063706 1
260997926 597138404 1
865384367 574449357 1
79859709 790376252 1
5604376 586395619 1
62674996 331456426 1
638247919 484199292 1
556744339 341428513 1
304737506 102767095 1
161542387 185721891 1
764006002 195433984 1
108325262 244476409 1
880358284 431305993 1
89741486 279818163 1
759797262 176766626 1
159425438 901623909 1
884228582 460154726 1
640501354 470886971 1
255350489 525045981 1
570689203 572020528 1
175408334 166034784 1
805794254 688685691 1
277658158 113383360 1
860601532 357245566 1
597383364 580309279 1
357610636 765190714 1
278355024 106954419 1
77311513 798185021 1
503707205 75574747 1
563670870 345675973 1
266557428 563335304 1
821918751 690511636 1
516214514 319186575 1
66720889 767915914 1
324634551 387618261 1
529464064 328714425 1
45164466 747218859 1
29216350 394548685 1
632022453 811367000 1
26950714 453304865 1
631883494 494890904 1
591763995 90731527 1
469380798 818337028 1
589513315 84368691 1
461624231 816203805 1
824223901 266458649 1
722253603 774373818 1
551918848 579396157 1
208265140 154944706 1
854193371 312552122 1
62833875 798702477 1
410812230 796584828 1
268293805 511028245 1
813347146 695015162 1
380664974 77478656 1
530952123 322835049 1
336461915 373980163 1
632167632 424444173 1
558996756 580028418 1
327648051 383891042 1
866434743 607503235 1
85830313 287448313 1
647809879 493258627 1
71820635 319950909 1
887795752 465298399 1
563196829 85709014 1
119225755 235851480 1
18338596 483045680 1
854703804 343873348 1
838513744 297552660 1
85780554 804275732 1
37260944 718216456 1
697857943 890111106 1
814907023 63080741 1
114860673 601541469 1
832263714 817792416 1
115684256 538840612 1
651459329 254499953 1
993142176 411475413 1
925538203 682393745 1
983838450 534708061 1
888146158 756460442 1
696221842 292604245 1
400472272 428252354 1
543359289 919402512 1
125319141 603359371 1
193876986 300451080 1
863669842 114848324 1
323605315 876860751 1
325916771 203130797 1
417880803 911471470 1
709308625 903419766 1
729110230 514110193 1
436079114 915771260 1
464998114 408293117 1
740833406 483743898 1
706675000 309959012 1
522479378 185483907 1
606851156 916560381 1
981105802 362875917 1
698458607 570907643 1
877579209 761052478 1
125618158 618942997 1
173477136 732596215 1
353492266 889330656 1
375672857 579179047 1
405574842 631206098 1
118972756 562690423 1
420752485 171888217 1
591321898 930462981 1
273190995 219566980 1
985182106 527048158 1
996269019 493364393 1
888903493 148696888 1
480762012 673947272 1
115372488 605930658 1
977213564 331865688 1
191734292 305864367 1
364943869 525446357 1
959652443 597399060 1
969161715 267489448 1
714065803 562894602 1
517041230 686621762 1
504674879 174597680 1
530077348 927178258 1
983211664 339228783 1
625751666 656220255 1
219820304 794783847 1
245488701 817153333 1
665719548 627886908 1
765224358 859038153 1
994374279 437878489 1
281584338 852928436 1
575395622 936575196 1
386075862 188466281 1
182654425 315073114 1
890376622 747327050 1
469795510 424997736 1
393268129 179704344 1
690387224 890427248 1
760605108 30481880 1
115775277 596255570 1
777036480 850323090 1
396914626 899709894 1
266340920 238110007 1
673893569 269037652 1
197471596 762813886 1
936666894 689244657 1
108533306 539161908 1
131986231 440020632 1
757852045 865800123 1
743403497 484799285 1
456453404 672494645 1
844663189 89728112 1
461282615 663281998 1
553964353 925431001 1
102954218 521308558 1
386717498 435745525 1
984984695 509821539 1
504218525 458709442 1
847247277 100831656 1
337068031 891934318 1
960694050 607908629 1
378758629 456813752 1
307935530 208029875 1
992801638 532988831 1
685612406 892706170 1
315385524 196697592 1
552481711 189418895 1
261982732 850245144 1
563402741 672363953 1
365948616 572140819 1
523823305 177112987 1
722485336 337822757 1
163508171 352332926 1
718422034 316968130 1
983929547 383880975 1
668026096 911704337 1
156259862 368626068 1
971584755 296356141 1
750729435 421986665 1
917060050 708684671 1
749562523 871574871 1
486099198 679844758 1
127377343 404653292 1
208196727 267847588 1
986231377 490211083 1
621957310 230199155 1
462725947 667480788 1
459217419 918727841 1
742821707 433420267 1
907950262 161731688 1
715007907 346889313 1
952199165 651358079 1
206011887 767536946 1
388502229 599129142 1
976289491 553465831 1
316140279 208782935 1
622759605 241646962 1
144488000 680028677 1
818606469 50248147 1
115146734 591951201 1
250453103 815594201 1
396776708 438331873 1
449884711 674154578 1
692803389 280313848 1
682075753 283729194 1
361236484 484687987 1
672855380 268375059 1
978191782 604021989 1
743779548 422580522 1
674152572 621011395 1
793570562 848300659 1
401111161 175553159 1
729782428 400245810 1
659429987 915525777 1
795451184 49541934 1
741338617 516839756 1
673312914 617592184 1
726110503 358938981 1
266178683 838913626 1
630608128 919033882 1
137793584 398778842 1
733504239 404561606 1
576979268 937146142 1
129949126 631564268 1
670490731 910410895 1
355614127 518448018 1
981665282 334286026 1
596063851 205250394 1
828344649 811403072 1
522809293 181122479 1
126942990 596507713 1
938561420 684195449 1
515749461 686999191 1
656950762 909738445 1
605638641 666148184 1
997478243 410260452 1
980321500 325608013 1
125526052 454871587 1
353431776 525370763 1
177998312 744179761 1
105581950 562737260 1
734051982 547183586 1
255274545 840442733 1
399896755 622053699 1
903609376 144155788 1
194353471 313007368 1
233715794 269967682 1
959907202 257998218 1
548139093 938158184 1
957940642 649437170 1
243859964 250123498 1
644543920 904435394 1
554013370 184854345 1
457622128 170812507 1
907094742 151978347 1
651629581 646710101 1
845211407 82077088 1
291377435 206172682 1
391879720 439819373 1
228562362 251407533 1
721646203 353689643 1
906845293 719320834 1
747221117 473947211 1
943413381 218368833 1
700507795 896267036 1
122229706 486135997 1
500689832 446947025 1
508928364 448750163 1
985309172 482475351 1
187526153 308532082 1
111829255 526590920 1
541145052 685741815 1
321643309 201915067 1
419202589 641565883 1
948859430 245109259 1
856003267 788991495 1
795826427 53084387 1
930234051 206432503 1
225236016 817293382 1
591404650 219573533 1
388562045 599558609 1
371352537 186539770 1
568713682 936751023 1
653920506 906890228 1
724511098 511685671 1
990587100 370168247 1
150596688 667982360 1
998634827 420805770 1
945761723 674167060 1
475513007 427520866 1
855576786 787853887 1
543200011 184946613 1
152518683 686726979 1
709307508 567755109 1
496376541 178912433 1
993160216 518181622 1
982842677 461522960 1
369295926 512871469 1
514529318 438244567 1
140929447 403845476 1
999222043 459445002 1
568393471 201986870 1
398602639 427658310 1
118818710 607872889 1
744325600 403369352 1
133542418 612860298 1
687714208 903784154 1
956602187 627121780 1
268558589 840853213 1
411715502 429505923 1
645500750 240677654 1
987324382 553872959 1
191403577 782819488 1
136917093 647302316 1
953965711 623369862 1
111400580 525228124 1
271731395 835570924 1
110917185 593049490 1
310885778 881199739 1
559109372 198370599 1
800032540 829060895 1
655984888 915731927 1
624800227 658013412 1
650932948 252331974 1
520252423 452321373 1
117813435 470153665 1
741930631 460554274 1
684569851 603243107 1
725689178 364438173 1
653402888 254352941 1
838749709 83886086 1
493491124 686427982 1
975173295 540785242 1
938851347 667662469 1
745593379 402501838 1
286634014 211685632 1
211719880 270248916 1
968869060 566907812 1
452892430 918072399 1
762411216 29767482 1
263098976 247434331 1
283710596 212251926 1
508280753 445669298 1
984514326 433828830 1
416814338 657112724 1
448301698 655373205 1
378619415 465009623 1
358962259 492171132 1
994887784 400587835 1
818125558 78883989 1
455590461 175517882 1
988931708 393914549 1
426101557 418377614 1
569901459 672837720 1
729325265 541147820 1
395048018 434823682 1
301398441 867007448 1
366033306 596751517 1
315717146 868377451 1
132525447 674698777 1
626484177 226406599 1
864667424 775532778 1
198662971 296538229 1
976777276 594568706 1
109293445 545712915 1
356813727 191595339 1
707986105 576238950 1
536800044 680732074 1
324100255 207802720 1
197519168 774408704 1
952903726 666425585 1
802842157 829802680 1
985269803 495158099 1
667696778 624884644 1
882359630 149587237 1
262906665 842072148 1
736002839 474890594 1
427971357 173246569 1
990507786 519266463 1
193559012 307339777 1
292855790 205268899 1
677891858 621266343 1
352050491 522455580 1
513008677 687016553 1
609711015 916447833 1
783316635 43330858 1
341725544 887580291 1
638090100 241213649 1
712136172 897843888 1
962074601 262687598 1
608841728 222809847 1
981521433 479019369 1
454834049 914757060 1
973673173 547211967 1
331023091 186286071 1
983478798 478942485 1
852752116 85910538 1
141217329 409038408 1
562269547 668742436 1
935341423 238605393 1
355795284 495079456 1
881564628 777724331 1
260124843 241921885 1
983555195 570938760 1
517706279 185358045 1
469020940 678345120 1
816885384 72429034 1
886880144 745011086 1
184294977 771477119 1
729770706 407554636 1
628046318 649208393 1
642757106 912936352 1
392312808 447579577 1
680804765 288345726 1
606345990 916748755 1
943950224 645641009 1
425774368 176128068 1
938592174 232130975 1
549569927 921251083 1
747598967 867974326 1
320419796 204684121 1
458514918 917841337 1
683193200 909565296 1
831315382 812650860 1
178333984 757170965 1
376871298 902030058 1
920609630 696411755 1
424760261 417126192 1
432320059 179556710 1
765477156 27639520 1
846233296 103511727 1
447158779 178413670 1
719260474 891770152 1
933800161 210958648 1
552719472 196060238 1
450106446 923821199 1
738253424 500274144 1
512303477 682323886 1
850352011 799926814 1
940037450 227505105 1
399691284 623392231 1
892042595 160321014 1
998628642 449853274 1
487913488 927919975 1
676675319 283232708 1
705371621 588657520 1
701695496 330143545 1
154214199 722030164 1
227035803 264400881 1
957645151 260562809 1
800430292 41074283 1
919144516 698059124 1
384050659 606896120 1
650691941 914834026 1
852947074 110612000 1
501526694 689835972 1
666879670 257815873 1
461798031 426392243 1
959509099 261202292 1
555020864 197434912 1
174983194 745889446 1
207355966 299670227 1
457141252 169291978 1
624090150 233203655 1
351551764 547988825 1
583332691 923309066 1
929309265 689899467 1
984269628 406133531 1
891580578 159513531 1
117197475 497079902 1
985547258 538724493 1
716540126 318028983 1
360433538 569650361 1
986712005 432723015 1
858546685 782066202 1
128086191 630739947 1
956450580 650362681 1
164415800 333780337 1
129722953 627789006 1
594017198 922734209 1
411658918 186757244 1
253371807 237825239 1
357324803 535205406 1
888335217 731682198 1
785173237 847902148 1
172925777 743248286 1
127444288 631224982 1
123661774 456691175 1
257853593 837790503 1
890549796 146119320 1
731142514 528659284 1
291994683 226352148 1
710027406 327874664 1
340373204 886202653 1
721216149 341443182 1
742178396 457742869 1
868620967 123777221 1
216677331 270939090 1
681526822 892539623 1
739024399 486024059 1
949629877 647767133 1
364130058 579809993 1
242753200 822873091 1
383869935 619180890 1
120663422 496317872 1
126934496 620766190 1
715440294 316124132 1
451232700 674729928 1
252119523 232840758 1
377751217 906976279 1
658266876 258349683 1
940392888 690461790 1
177960333 749498018 1
470085489 919991963 1
490574830 182071077 1
456211183 176285077 1
395674113 908557849 1
502570112 926591340 1
986798760 518278182 1
995126103 526519766 1
459895777 922290343 1
776278064 852878407 1
477772582 172288450 1
478408193 421853502 1
171886409 318205829 1
925342842 686024329 1
413918718 636883910 1
297747325 864905899 1
486563720 918441481 1
546734039 676802363 1
455223002 175257298 1
352906050 524157828 1
910696768 162967094 1
492133300 434283105 1
294706511 862817491 1
508080877 923746287 1
978123047 578489135 1
385238055 462329384 1
732222471 885066554 1
997937640 483828999 1
438642731 428443870 1
703058256 589312593 1
978441964 380352696 1
822950937 72380422 1
913390344 166491013 1
739821888 876838316 1
987355795 485295755 1
151651077 673322634 1
964256534 590594410 1
267268426 833532570 1
610494056 213209561 1
982293475 582765262 1
679635184 282014305 1
743271250 433655910 1
995482164 433308346 1
816901679 66535914 1
245081534 259439064 1
828305146 808748247 1
416792133 428639408 1
736883967 362161770 1
673511507 285151065 1
763862319 19879265 1
359723636 484158011 1
744496167 481438951 1
972586090 560955648 1
802399145 65273314 1
115999116 501088097 1
171429990 725086295 1
723498830 350520372 1
391722753 440793194 1
362995300 588274209 1
408448568 434226015 1
395310398 907391849 1
354831779 523649844 1
954168885 655563985 1
774131783 21619885 1
685013641 285447567 1
739238292 448074332 1
183209473 317437118 1
750856597 469467687 1
893806189 754159162 1
856135918 785621029 1
309540233 215334140 1
443773639 414619745 1
964210041 303752616 1
477613296 426018429 1
922193227 200823848 1
731758974 490165183 1
543135843 185458203 1
514365392 686134317 1
981286540 330297454 1
207695218 296351752 1
702453185 588009645 1
845378477 800396041 1
186765974 756768282 1
114711951 549410135 1
617299552 922021337 1
792497068 838142402 1
469902078 420231866 1
569578560 190895071 1
134002563 396534075 1
131874568 406556205 1
159479754 327765733 1
636351725 921671693 1
111421694 513050181 1
903248066 172937348 1
663280819 635025982 1
990900954 376660690 1
146266570 372912115 1
802294998 838788742 1
359626373 177767734 1
803182379 57066966 1
117468966 611373717 1
599610585 918453614 1
116777062 607215135 1
998813900 404667858 1
653056378 910968548 1
814051380 841384740 1
360595175 520448884 1
864234940 796468682 1
663404439 906565387 1
536779190 193709789 1
490848014 176842043 1
624019150 651034409 1
681619382 286950190 1
850777734 91156073 1
735017671 486084263 1
113901546 551233161 1
987775210 415311749 1
975293602 291307529 1
375752460 609338418 1
855519827 783154947 1
684186715 905752572 1
857435065 91632134 1
166719922 323447244 1
500040893 922649573 1
412421770 918823515 1
117029599 554613885 1
981994915 482985176 1
127497422 620105744 1
180136433 327537939 1
170648706 317430968 1
509814226 924582012 1
888445791 759432389 1
990686254 396074624 1
396321853 444991130 1
403472109 634109601 1
708981410 881520111 1
599221889 921439287 1
376073980 486420229 1
979482030 543681289 1
556592865 934217674 1
732492732 491393699 1
486644910 178744860 1
479097665 665891320 1
136381331 644972571 1
709395228 314301627 1
991885284 347907992 1
110312958 464181442 1
574705753 681945166 1
541516226 190309954 1
160207817 352079920 1
352951622 195839133 1
890990772 165698112 1
892522726 147675462 1
611104353 669009781 1
986509867 531092714 1
697061761 581433466 1
925970830 179621234 1
651962573 641865968 1
252333365 839643964 1
942163236 642908304 1
217103561 781203763 1
980849686 354114816 1
397432101 436986236 1
836419228 75717167 1
283989193 218807257 1
226286834 267295994 1
170837757 722803281 1
821791394 70278345 1
724237544 524640386 1
562841813 686500545 1
176513839 743232298 1
384847930 448303774 1
593209697 926802800 1
185450533 324135991 1
794674564 51100404 1
987432229 359384552 1
493323095 186352315 1
771579270 867310820 1
598711465 920740898 1
199248405 292634770 1
730050618 880256943 1
500901081 449004187 1
410863196 901961629 1
743248671 480532831 1
891597938 747529573 1
870605324 769054425 1
174224648 346918212 1
407489080 440634144 1
697640825 904981636 1
716586381 548286205 1
958966705 616560623 1
108328922 512585627 1
887824861 745757971 1
484988594 426867131 1
788418192 838726066 1
599572311 655634689 1
912079398 172918865 1
199323495 306386293 1
206730900 304456109 1
399043318 615904291 1
504668674 463692968 1
467130401 420510887 1
664522650 910713201 1
157680574 361321567 1
208340027 288351851 1
259915641 234182492 1
901068926 746106185 1
390461355 606397145 1
850146797 95149302 1
874621966 778355643 1
987349439 381124932 1
527572417 931153622 1
742719828 454271876 1
514725036 184459055 1
891633820 142677653 1
989261555 347580135 1
604620251 678310529 1
177394390 301895002 1
702433146 907798075 1
171977479 311080701 1
981392481 390304905 1
173063661 715456111 1
596307389 668741018 1
361080376 521663642 1
470193149 172934835 1
971941449 342570218 1
259331578 831345204 1
522337436 675600281 1
720030134 335306581 1
223425871 278990274 1
603605604 658226999 1
749063858 868966977 1
466119274 420839879 1
193157606 770439487 1
539261740 686540702 1
746460409 426916107 1
771163433 861811915 1
118496650 491587096 1
766639899 28862376 1
461235643 410700518 1
207782700 275437253 1
974896857 580336519 1
402047407 630390510 1
947929802 256871846 1
314323998 875011568 1
956281720 269279215 1
504347692 467217582 1
218613569 275649075 1
170888405 345364964 1
919916792 172233005 1
513093418 185703114 1
788416559 848074084 1
775992174 860527430 1
252642944 236143948 1
399860399 433562490 1
698099356 893724916 1
982633323 389758001 1
980408075 494580170 1
172594692 742623395 1
180568906 336757658 1
138294374 655020112 1
849799221 87901407 1
471335387 425768399 1
442447581 929566354 1
367545644 507502242 1
753827182 874651904 1
117229416 619567463 1
612471575 918838744 1
950506269 249058550 1
829540356 77213966 1
369798252 490864998 1
446813353 913671593 1
930970745 226980125 1
349649000 883202617 1
931901211 192326333 1
892864077 147954045 1
395807535 429730580 1
831212534 84780616 1
473632299 662722793 1
165376301 350168837 1
567502527 194930859 1
159927040 715629342 1
713258270 891434046 1
992255979 481523096 1
983247437 511963448 1
114237201 546684841 1
286113156 847659053 1
411815307 435310480 1
938509656 664087305 1
486388851 937985067 1
327948847 200637519 1
782849035 854197540 1
119997489 494264137 1
359086663 894902598 1
158837227 724603068 1
998026835 423826003 1
363112072 550465521 1
742090219 503515596 1
882790972 742171331 1
457255316 166836783 1
354983446 886280201 1
506427912 470897711 1
115830016 530266893 1
989358558 344651433 1
988008151 526895509 1
341756082 193131919 1
641776534 919422487 1
138226561 390351873 1
177620693 308259716 1
351444466 892424236 1
414065868 639732212 1
969943341 290324183 1
358071808 500077359 1
990065164 476810065 1
629040394 239608308 1
119926902 559036340 1
632697297 925000471 1
499997472 932023227 1
108377203 590526281 1
728050256 501325369 1
138883255 425971783 1
114250136 601777568 1
264163142 246741165 1
726400963 542219750 1
441026107 410633842 1
375921306 577721235 1
508886956 449618663 1
706087030 591853126 1
126995834 611026152 1
132054899 610152738 1
367417172 187024139 1
333698520 880511210 1
115309105 520400960 1
442069399 409299251 1
825899875 62979099 1
251463052 829935275 1
464711652 409483787 1
659303418 630000895 1
718329121 547526171 1
886073921 772866160 1
186948569 743155807 1
617390901 653825411 1
746427379 409823789 1
930998131 192564443 1
111142023 513762286 1
999641061 484097173 1
605725451 913150706 1
432209488 424751093 1
992774916 372762432 1
374948647 483548855 1
115342525 545575061 1
708549652 583289215 1
375054025 463986743 1
1000000000 421487161 1
109638357 588818485 1
624410080 229426488 1
538309185 676463037 1
579594122 206373450 1
117213876 520415532 1
503112515 925503636 1
612778495 923261370 1
349163483 878848463 1
166168072 724979585 1
970884420 288337345 1
404730020 424787438 1
915158261 182887523 1
442122302 919328777 1
786597388 37333320 1
627704200 223071566 1
958363246 276850323 1
946855945 634745832 1
500415295 175313407 1
231533653 258219318 1
165963410 346323284 1
387723390 611385685 1
985392642 512149373 1
162496618 352286207 1
954100166 623105895 1
831782201 83514693 1
984956600 554686288 1
674406299 273931704 1
358193927 493435812 1
115035336 537823544 1
419062032 638942789 1
614711778 223265187 1
442564295 668440460 1
888384544 733421516 1
730860034 360571955 1
226705487 806478015 1
691131523 589207830 1
735876902 522584094 1
435187227 924907706 1
936699569 203714340 1
289760560 854725500 1
367328858 518301004 1
596302414 214776470 1
313209704 867901636 1
371247454 179281710 1
210530837 784496138 1
203785326 788874380 1
432294652 910303560 1
499289619 671665588 1
711199082 548103992 1
986640879 411572895 1
127111612 629066685 1
953914338 641678323 1
576330886 208131182 1
489169686 926987119 1
705257489 897023859 1
922799120 211989328 1
444946069 413007369 1
901044687 170593070 1
972049529 599834836 1
726012217 886477093 1
431870774 182751484 1
731004782 525453096 1
554756814 192954896 1
915678378 183180802 1
991693747 375999923 1
253250585 244798928 1
922977186 204635216 1
416039929 185289902 1
805691798 54982135 1
707051484 582983943 1
984488680 354057373 1
350667230 520149897 1
739643960 407952573 1
968199776 336094970 1
212282964 787780712 1
664839582 628497970 1
406306487 906075865 1
931069374 686878865 1
504685719 671998608 1
379062199 174641025 1
104501979 531390788 1
413249216 623110649 1
414785894 186550945 1
120823505 554098511 1
737484258 368206477 1
282792941 857144656 1
446839337 928138089 1
986720444 386039141 1
279520453 854785785 1
971409495 585155845 1
175989199 330282899 1
726539132 367127791 1
511396719 688356587 1
998853458 494664813 1
983969615 568445396 1
986947494 435183451 1
983237357 324463152 1
718734244 346809489 1
562377681 686049538 1
271959586 837536575 1
991281701 477088610 1
977556020 553895201 1
400318108 624866203 1
490570260 429091190 1
333829888 883046335 1
558138068 676958806 1
535171852 687692238 1
606405354 212636828 1
955844973 641253133 1
955286847 647717666 1
176449216 340234687 1
467054084 934709125 1
364674138 507933270 1
774131691 865098001 1
242651097 810648445 1
727542832 506336578 1
695014749 892910609 1
680349854 268624077 1
859861681 107051146 1
349598714 884216979 1
172166426 329009485 1
639884331 649090879 1
241359763 813457875 1
124986389 568345809 1
711868333 553458892 1
476831528 180951992 1
126885737 429799215 1
339766360 880282546 1
318610396 867674913 1
904601641 159096609 1
340079623 202716706 1
183439694 754042725 1
812823003 64936293 1
739002073 402861595 1
134615632 425550642 1
920140290 209623747 1
994395623 413604380 1
937325003 668543573 1
361752080 515800707 1
443255660 658571486 1
695262493 897232904 1
838457612 814278108 1
235993997 804566015 1
891674737 755523590 1
119641715 568694006 1
910258513 720181836 1
240202737 823233373 1
840574561 98376090 1
115771417 539845273 1
359498645 529113028 1
744649510 474954018 1
429310796 427979471 1
824591665 833965215 1
194205745 311314308 1
722341841 886616639 1
139398467 642754433 1
402616635 419690720 1
642389363 234809285 1
721644975 893045580 1
922688486 201814978 1
496292794 924425252 1
436329129 654324026 1
733442571 436664695 1
178081248 309488363 1
483785485 680813424 1
933279110 232084085 1
675365448 612381738 1
470535935 671285574 1
954835533 252781140 1
970783649 605451314 1
367977546 188632999 1
973049285 546695134 1
368116505 505109095 1
408236004 909268472 1
530619201 181662971 1
410486684 915631308 1
538375768 183796194 1
175776098 733541350 1
277746396 225626181 1
448081151 420603842 1
791734859 845055293 1
145806628 687447877 1
937166124 201297522 1
589187769 203415171 1
731706194 488971754 1
186652853 304984837 1
619335025 922521343 1
469047876 677164950 1
663538084 626019836 1
367832367 575555826 1
441003243 419971581 1
672351948 616108957 1
133565256 392496764 1
914169686 712551686 1
352190120 506741372 1
928179364 680049090 1
112204247 534701600 1
436803170 914290985 1
880774244 764148519 1
981661403 516954319 1
145296195 656126651 1
161486255 702447339 1
914219445 195724267 1
962739055 281783543 1
