2
2000 2 4
173907289 171452001 1
203176467 889733552 2
121975159 854019230 2
259615627 870853906 2
826222277 857246593 3
114966739 830057480 2
903341230 140048663 4
185663370 139077288 1
813812341 187480580 4
873213955 752031502 3
100857365 866394009 2
836553302 719312360 3
886888318 909699258 3
821454953 165509791 4
835969971 809700353 3
93308458 910897447 2
792891794 886015937 3
117301057 100646887 1
130041025 164643330 1
792562176 800047435 3
167826322 863160120 2
852523470 773065870 3
126755182 126886851 1
128792562 824876343 2
153447288 901555298 2
89742446 862577268 2
822266400 865129701 3
77725231 164083519 1
832527882 836835185 3
778432262 197455006 4
847028760 889392308 3
173052207 837046122 2
159623494 192250444 1
88507502 839488534 2
881780966 909000469 3
874079003 878833492 3
156733491 924188854 2
816094625 852434659 3
119607705 148860903 1
102606245 916091867 2
242365503 758449812 2
116150205 165658052 1
169607924 851385689 2
97850826 876908893 2
850145340 115946905 4
858081020 63922043 4
102457743 118917691 1
157304904 792749563 2
253495326 756823452 2
959545164 819665361 3
868344454 875569149 3
803701344 867616177 3
886014546 70451339 4
170308711 845869390 2
856226908 834907729 3
161032639 182838572 1
216424160 849345962 2
825644736 799197995 3
124762811 59057687 1
783817388 161582822 4
876366195 916027106 3
803051717 207414424 4
170364907 91648891 1
206376879 78397924 1
179811513 60084709 1
151634137 753714696 2
163341838 158426914 1
186742469 854140087 2
846214925 834126471 3
166016869 202819864 1
783507039 128295095 4
837750440 868183288 3
130461694 218550551 1
187445157 901416883 2
867067414 162109412 4
161292721 138778634 1
109722634 85161373 1
204548505 765152159 2
843722659 137613792 4
170922328 270726204 1
839633713 104933279 4
152197441 845216329 2
123803916 198936567 1
796554466 117550385 4
830628131 156198882 4
903653825 237532106 4
878308189 831378811 3
850475809 203826501 4
61182777 874108494 2
177983803 62316001 1
173470183 199882705 1
866735465 803707611 3
142305022 233801529 1
153597077 252448907 1
107157151 164043208 1
867707488 863440026 3
852992668 155812419 4
882996288 825972364 3
841192096 767058065 3
196968508 242082807 1
68764056 145244172 1
159949187 885057661 2
799574968 259452011 4
160001780 890103003 2
125536347 899706496 2
205188940 939819814 2
907415387 106317330 4
155916192 211654127 1
825533903 753749843 3
128570311 208654840 1
169182903 207897052 1
795732684 871621640 3
957066199 130809775 4
825060606 836587934 3
853226791 166544978 4
889504963 114770471 4
162810275 188063426 1
905496421 151148955 4
870697739 895996947 3
869674402 774649684 3
899768547 95332218 4
839082170 85736156 4
138907719 201995455 1
847701177 156652894 4
216712499 191997964 1
827170926 809208303 3
162871425 753754839 2
855196129 179948074 4
914292251 230971490 4
124925629 818163453 2
88856102 168208968 1
878866006 160554427 4
749783488 821445449 3
161459657 841361715 2
916989736 155890608 4
146912706 843763860 2
816139913 844518947 3
838003939 799391517 3
799286429 823366402 3
155755613 119218190 1
822277417 880698104 3
185963482 840764247 2
148530753 859039144 2
241925915 166740554 1
187060268 109154639 1
832858700 850688579 3
968426975 885446689 3
174237527 817430426 2
163025685 139161680 1
924656863 931384212 3
153084210 804919845 2
229938446 783672371 2
819438150 823742121 3
871838214 98728032 4
90004936 153224757 1
177243050 787560939 2
203501001 182888118 1
182103975 196408256 1
186471523 905593702 2
189754370 175865450 1
934523471 191385028 4
842946842 886933762 3
207393758 202530713 1
234803178 175791977 1
881091641 141431919 4
873026857 196450250 4
836089004 204375865 4
24485685 150698591 1
910608346 830395823 3
196837075 904028726 2
939848066 795947738 3
871465419 176709055 4
792196247 216034793 4
212185092 112764557 1
869190925 79591445 4
767931238 130573044 4
876494881 122357115 4
936198491 157210720 4
192781737 122747503 1
877870296 105101384 4
868635246 116122065 4
787122290 860008290 3
876217197 198515740 4
257486716 182251602 1
853233657 928376162 3
121224609 174392752 1
809146685 804477628 3
161288677 880678709 2
913601716 873309433 3
875894449 142282982 4
156738935 904728404 2
110544305 805105673 2
871773895 868407441 3
109568652 871453999 2
221625396 141883117 1
154803572 841631021 2
929794167 837138492 3
848923402 805864646 3
921360097 863650573 3
848153017 875826404 3
229084776 185660304 1
911237252 249758539 4
934437215 138548204 4
831059660 844419710 3
937508897 108864280 4
185904512 106981142 1
814732784 819897840 3
843635912 244481891 4
876869454 867124214 3
836519030 837016503 3
121194949 757322626 2
164509028 845163022 2
181646813 137906533 1
102047051 138346018 1
879908332 84877052 4
874504669 66223137 4
818755548 846283318 3
883447497 947900573 3
235804064 944734714 2
831070517 167654462 4
84087040 852145513 2
266508773 186025982 1
766635657 858781919 3
874694761 155235808 4
193214174 134963845 1
140208203 841979229 2
826380863 223533161 4
830370940 228004630 4
927000377 903131657 3
874573817 811623136 3
162722758 142289821 1
182213877 119779490 1
869929880 851588729 3
882307958 163195461 4
284693638 218310912 1
870515698 948941965 3
850006846 802968014 3
831396288 201789888 4
168550421 916652073 2
901784280 821955801 3
124032341 914438250 2
260827543 148819513 1
804756606 186038441 4
844755109 865652528 3
222548285 223817870 1
131588099 261438809 1
154687625 119000190 1
911239442 931191925 3
179726321 141387957 1
181062639 806381772 2
804403137 810475581 3
200787450 183270260 1
108991039 116423827 1
842860317 899206916 3
170843761 791837049 2
894747853 112666857 4
898979119 885039719 3
867952811 813326804 3
897026196 879569062 3
810845217 141340093 4
97472281 900031337 2
120801714 228790584 1
136822256 840254009 2
888950284 796215912 3
887684943 164328279 4
865344011 173881591 4
219096959 128675546 1
878744384 233082677 4
871627175 171387288 4
845307201 204798002 4
944220586 180305141 4
863051829 147994707 4
111675633 65020778 1
140788126 118394876 1
105074994 826060587 2
802594959 179181928 4
849530367 805161476 3
65128367 150559745 1
771195135 180189019 4
159591666 877942840 2
226874908 224985554 1
93045459 132628149 1
222882110 782804545 2
887742852 837082789 3
201696226 113284341 1
858259897 757582821 3
176423162 856600018 2
192167776 188696211 1
913220586 928701690 3
902572433 786677354 3
850271500 185347978 4
907016482 851083003 3
210332748 155851906 1
788923140 173601079 4
789943037 157789489 4
904205372 151709842 4
793031383 887119569 3
197695551 999578328 2
756482396 845038617 3
109875724 150763881 1
71361674 185462516 1
167323331 122570741 1
917751260 109698086 4
126935868 176978945 1
849594482 182603285 4
133079124 821551223 2
176392341 170126271 1
269871560 823452440 2
47891578 190463149 1
822245809 140552358 4
199982015 834741666 2
833838409 867909184 3
154050449 889068817 2
166308613 222767884 1
920259263 159506789 4
93703789 826989295 2
829927912 858222723 3
760830276 839674504 3
812153841 858207122 3
141411071 140994128 1
184380054 197890493 1
198933169 916101246 2
696808058 236770359 4
848867269 870194511 3
172571963 89868176 1
213220220 934127960 2
241842200 156943539 1
849144834 943864306 3
227686508 236860214 1
141530610 883603953 2
238914577 745279992 2
820584370 880533584 3
856022352 877511273 3
925211505 862147696 3
131425171 955265882 2
931540979 100066570 4
828662249 164042554 4
134474254 250811844 1
855759013 853287739 3
866823341 106184007 4
163565995 220576258 1
901355688 185773208 4
217976851 93233719 1
896656209 778237766 3
125361748 928702131 2
224895807 212462560 1
904941819 891074350 3
160219714 160126210 1
214793387 898223727 2
847005380 847920566 3
182206820 158151697 1
68168827 926084144 2
194568300 867378687 2
779112198 77569774 4
801884125 808118118 3
840835242 871986764 3
185812400 785595876 2
94546282 235959063 1
294235286 160269695 1
209170082 109740250 1
844764119 85776788 4
825137473 839407589 3
121982959 820585743 2
869660097 208413108 4
118365877 178819178 1
165063907 763852017 2
827420261 135676124 4
196536973 898537623 2
851574396 267693832 4
758847275 888501399 3
187588825 225744191 1
174505780 69821683 1
82226080 177721468 1
850403129 846003257 3
117763747 105583150 1
853251944 882726202 3
191933969 823732590 2
158307067 915557959 2
108884536 889043268 2
814048202 161463140 4
126964192 800107985 2
207313867 175878277 1
827777633 830032642 3
202420392 823578141 2
896742832 213266174 4
224303147 845383556 2
834312100 815067306 3
848552935 871372302 3
148295091 898863754 2
839215548 209929480 4
871146773 145182497 4
787718361 138791921 4
210908255 840830249 2
918739666 149087502 4
182757106 875194054 2
839219609 154409913 4
899721071 791642942 3
910165220 274256175 4
930581635 181818000 4
874452077 921484339 3
124079358 854325538 2
66358036 951310039 2
87824338 827196720 2
98590912 881408032 2
133123515 132918675 1
172987585 969112198 2
207859540 109391977 1
861142296 216116057 4
895918319 898817176 3
189091787 181745683 1
116528970 828048042 2
247425907 162598229 1
908942440 855941777 3
870419484 773933283 3
881853218 121532559 4
185945081 809160322 2
117894010 770427883 2
92887610 154577770 1
841674924 826643127 3
171384435 57628061 1
143931839 141294307 1
176605193 879922484 2
155661705 144553814 1
247222924 936436694 2
175504273 828757005 2
883708539 845962251 3
865874988 83640426 4
887004752 853091017 3
213969410 820963022 2
725249108 212077041 4
112999575 274876134 1
894868553 789363052 3
884295351 210724297 4
871827765 776448727 3
867524976 917912943 3
802892577 193253530 4
958854943 774033631 3
204623404 234614624 1
103976124 909560871 2
880685777 200408631 4
893510002 859022228 3
88641420 866289699 2
921893748 924581185 3
815595791 820354563 3
855161094 97335829 4
849748898 133171151 4
895148765 164215197 4
148031609 223958201 1
141734022 858025523 2
180553578 130655189 1
913009118 857695877 3
851022800 116627372 4
903521631 753080323 3
167221563 847845496 2
195588670 883419639 2
794518532 192591294 4
225049134 809260806 2
204876560 854463206 2
195265437 801362402 2
870253747 803996464 3
112888822 925542592 2
161150630 831246550 2
864983317 860645860 3
857049621 128172997 4
72754118 225101962 1
847259035 272661426 4
184658466 211201558 1
232524501 827288412 2
202738093 172372270 1
902057568 897331703 3
172193922 251107013 1
831435642 845965555 3
906141667 809426341 3
206055352 276004733 1
875975125 723544700 3
86396298 877350301 2
825999288 207389534 4
863563235 860534385 3
859560459 176617344 4
852963123 907139943 3
198294767 759476226 2
869396777 72730254 4
855693606 202524305 4
160753094 815875993 2
862663192 798382247 3
79448308 834052269 2
132505048 124457909 1
821984858 188934476 4
871141129 111673552 4
172368505 132243941 1
131349388 933662800 2
748153887 840501619 3
147143670 122847686 1
848445485 93699868 4
868432295 872888125 3
196201010 129557910 1
175097442 123310667 1
128666030 860085199 2
241921644 104193366 1
742658904 130296075 4
803705828 184264264 4
160356746 766230431 2
886339139 862206732 3
220516480 784176503 2
142705891 175388099 1
156144593 832585909 2
154962871 158507942 1
147295671 187427920 1
945885657 221252404 4
901241213 860578600 3
211279788 890339324 2
864776604 183287118 4
859489824 779084930 3
203527354 155671923 1
215624105 837555082 2
153255652 849903434 2
922543398 828763266 3
136181861 883224115 2
168716144 201617064 1
797098508 138139366 4
163014291 182203665 1
805783846 750014497 3
151579599 204416766 1
193792384 228387961 1
831350138 887342633 3
865637716 878718206 3
166978699 891025555 2
880927593 852805949 3
829912035 53768280 4
794005942 91393148 4
850573675 127006347 4
681091305 831239646 3
116571570 92884122 1
771595881 193700548 4
171131962 89439450 1
170398206 156119507 1
175285189 866792999 2
760341800 175625574 4
150328871 160897243 1
165494997 878055194 2
190493363 845090993 2
237403753 882484392 2
118677973 847091558 2
838112711 814602311 3
790266556 769547186 3
179259457 130955943 1
796185699 154642509 4
64269432 157940326 1
13500984 847430477 2
182119437 169091331 1
877937725 857309966 3
966831801 782184860 3
891619871 790598730 3
856512965 107077870 4
802727413 820242217 3
179664697 164210688 1
132346417 82708886 1
826572982 804179848 3
135674894 201943698 1
109590155 162427391 1
184949506 824357902 2
236700908 114950858 1
817487134 911331583 3
898449873 800269109 3
283469481 860528874 2
814316225 200984087 4
123753144 139268367 1
157938210 883271292 2
799674110 195407254 4
870080486 889195065 3
812466806 863286678 3
107537069 183252747 1
235567505 817279422 2
864063385 781643803 3
218092230 106389178 1
843106502 204074072 4
820530308 103191536 4
148174840 905165046 2
226389095 212049456 1
207900099 781658182 2
890927033 116985703 4
205193178 856830455 2
137439796 923340050 2
780046683 856420581 3
159150988 861867539 2
87362685 214550687 1
141657180 144431840 1
162781439 891304663 2
827812585 864428565 3
168471951 886411144 2
899667924 100862063 4
168563225 836195765 2
125895092 810479702 2
177829624 798489431 2
838752406 846005175 3
94290875 165876447 1
880895791 825295778 3
828892779 804649107 3
852721660 73123249 4
815356277 97207124 4
134913733 885577937 2
119609247 847646749 2
812794952 181523303 4
193906191 865809453 2
832785506 155548228 4
829258207 857514299 3
130293816 819877246 2
873014233 863822655 3
916103693 887119928 3
794589403 179905358 4
873951734 860948890 3
212230271 885479679 2
160196292 146596641 1
846879628 146651087 4
230621519 140677614 1
115694714 77592955 1
916684429 737784660 3
870094835 903244195 3
179648886 861710781 2
160483730 824538143 2
826387056 191144113 4
115419232 191495254 1
172795348 843514785 2
208079156 169475298 1
815528010 789829490 3
63074318 811855281 2
128303341 173718654 1
775457624 226523593 4
174020140 828359116 2
865399705 940265451 3
910718162 154267751 4
120967774 160816323 1
133768912 869803196 2
786212233 179998740 4
854033585 887863084 3
157977525 969476429 2
114886353 213538863 1
159794296 163789134 1
84991629 160557251 1
78082594 172102306 1
828852316 822940050 3
210219028 232893585 1
822192097 166373185 4
941314780 236284089 4
122568280 186359823 1
885448839 153791366 4
837285890 137832161 4
888592729 202818010 4
813601397 835758250 3
176154460 898222312 2
128521325 135397180 1
930861966 835439467 3
102485235 879482132 2
146656694 206875794 1
933759893 859401546 3
828978810 929437311 3
190585930 821444788 2
176431640 928073193 2
148718077 903786338 2
141570881 157087819 1
892849947 154492308 4
916664807 140311125 4
182557135 233384886 1
854513374 200686577 4
113016420 161097628 1
863091657 97588566 4
187643052 827315028 2
872169867 64839720 4
859678482 839173763 3
900501459 244829566 4
144935417 193846053 1
836028943 171311776 4
201535247 807469736 2
885287014 909476332 3
96518805 170096187 1
794247278 870511433 3
155069820 199238001 1
146968650 114125949 1
851771619 180236778 4
189093451 852080443 2
914163082 154149676 4
827180393 112549184 4
135207286 833207265 2
186146784 831690906 2
154859040 223048051 1
135416557 238224252 1
866816863 264214703 4
847746285 849678113 3
165219986 150954662 1
139812706 840656327 2
119385430 815686815 2
215070655 209468460 1
850389224 210061595 4
873820162 113575278 4
889202930 898112714 3
172958710 874713688 2
783960092 919581811 3
152146742 871941516 2
870556910 181677111 4
100742757 914227254 2
123800846 907000014 2
930262474 797823478 3
797679895 880494374 3
900312924 829592715 3
875306973 778048014 3
137170077 130059037 1
188757906 310070776 1
896819257 98415472 4
158764034 189902074 1
878662977 220474841 4
170461977 118625947 1
836109992 846738796 3
832221227 817759458 3
122646390 956079823 2
53874033 852405659 2
872601370 919394157 3
810326871 137322079 4
137627930 879291283 2
178483210 839791509 2
751861948 137137135 4
236781324 113540804 1
916886555 185939079 4
934384786 935337421 3
897717913 151956092 4
257474548 976701506 2
114193727 836614601 2
175671728 168752456 1
905880048 219581961 4
791319074 928435063 3
119802694 881434257 2
185175278 893354770 2
902481545 877439662 3
166443513 142801960 1
126240901 921064522 2
856054162 828600727 3
810424531 110858749 4
832641498 92500376 4
826029923 894083579 3
202280105 973858036 2
115280826 109581473 1
911697156 149828227 4
216878356 143385613 1
139683965 93654328 1
208076623 830777582 2
847418011 912498777 3
800449133 761255849 3
190062451 947496987 2
914946058 813637990 3
850775161 834126626 3
181801584 866235500 2
185134382 197451663 1
789176950 180431581 4
107166362 185346476 1
190942966 157569660 1
787073034 233280287 4
839800062 155018416 4
173524968 146670281 1
772790538 102289835 4
231908085 834323592 2
174127128 60374346 1
808960512 204491723 4
187068569 820249768 2
942831377 219242454 4
183843389 786279675 2
161283908 797537348 2
873336081 83934679 4
219570590 136854718 1
756813425 177512668 4
866919591 827739434 3
124448754 255152245 1
108768902 180829532 1
217924046 800928284 2
162248969 174459992 1
898048359 95429191 4
937081266 75828503 4
156436119 878476231 2
819376713 188047707 4
137161446 755348739 2
872426874 73666232 4
215020574 829040612 2
212887341 889322309 2
813158999 128412728 4
828719662 154855888 4
783163236 160173076 4
798219828 117934468 4
928406961 226818030 4
105657167 835957153 2
104202362 857944006 2
181765521 948463835 2
934764942 149968354 4
97357229 860334411 2
175907182 775080595 2
179828905 797517172 2
841207870 244252092 4
901308420 200435595 4
857923914 819811384 3
198433301 255686745 1
80969936 107603458 1
119934404 157547904 1
198611711 852420850 2
866322026 831350955 3
163568355 961232564 2
831111458 837483357 3
834186096 903204018 3
859504135 825838155 3
202080067 155830575 1
936896389 946449624 3
855082590 858117025 3
182308431 859237226 2
857931831 901746794 3
818978535 196046853 4
172079976 872083986 2
893228388 828612785 3
241491066 67289704 1
822134410 135425130 4
163792194 911982377 2
813931708 798937222 3
850098321 224041791 4
253111877 877912601 2
778771130 865795900 3
881497007 843247637 3
152959849 150898567 1
795335746 248234065 4
160424630 860290413 2
128120792 128558400 1
870994376 189304670 4
124704203 156446109 1
82779555 789463013 2
152867567 846567547 2
65409770 25307922 1
204398055 189143511 1
150460644 759656411 2
803951603 163577593 4
148611527 807923169 2
164212622 824377520 2
228022010 156127243 1
147740896 214911987 1
163909242 797016296 2
151010973 688985001 2
177189612 105875113 1
766396197 222118021 4
861356086 120060286 4
820603899 242951812 4
178936705 890323439 2
97637433 872332542 2
98563610 851276725 2
218453196 873461720 2
873802629 109737171 4
206511307 843676600 2
141939784 107292906 1
804612022 185548377 4
906224334 175959085 4
783649256 167883605 4
834548581 172850180 4
145971291 163744598 1
103437776 882652173 2
155893774 204014988 1
949657525 812626494 3
116623992 887920037 2
835434452 764335509 3
791051787 832765932 3
877547615 247070821 4
173877939 132427605 1
883896098 83951355 4
936149399 831701844 3
106730126 892767419 2
202447584 849800438 2
74526625 856164414 2
116728745 883511010 2
131726822 131569781 1
58883746 870114191 2
135521541 134657945 1
865142403 189523153 4
908005059 143437739 4
178120679 142733831 1
110553804 220229847 1
825256509 216939096 4
152274729 191106329 1
855748281 803694805 3
847261753 109448946 4
812398016 149651235 4
104470124 860691635 2
868369194 94547981 4
946590875 187501005 4
221840516 836139200 2
773709262 147621897 4
776964826 846434478 3
905429575 868394949 3
845031727 138266678 4
191407386 190966745 1
768843913 921344216 3
288194948 792471158 2
844967371 84821662 4
810209680 864159439 3
880045221 185613527 4
872023655 811570888 3
890416395 785201846 3
126034018 876550305 2
255152174 187694457 1
197338603 868145576 2
836558532 194258140 4
834500418 859770648 3
126325256 918257547 2
153888038 876884859 2
168779044 93541801 1
872744113 811662769 3
210402615 135512967 1
97741625 831251962 2
876389227 192760514 4
188328130 157651885 1
816022303 223993017 4
161114269 174142715 1
824149101 858604314 3
945771806 164301377 4
70422344 245227660 1
119615817 176577059 1
168975359 256556218 1
188143837 108631852 1
191379426 804968272 2
857308123 176866384 4
922396101 151652266 4
829616420 142404221 4
162244218 853229307 2
175310107 139661014 1
846673118 894800145 3
847422689 873854105 3
200975644 143145048 1
877901162 163943758 4
902476705 849999404 3
135978777 849382724 2
147631066 161243645 1
44525407 183981718 1
185258965 128988509 1
792955334 82466021 4
168818936 167194918 1
762543243 860616656 3
873617186 202434170 4
868814433 872458000 3
774353762 140919221 4
915682438 773226073 3
834267107 150444984 4
880004056 845927785 3
872486837 881855942 3
201256984 906666221 2
164383194 240690324 1
876639208 779149623 3
799889248 188394430 4
131833769 883760630 2
124740470 83682196 1
194549951 91336498 1
836834131 173867249 4
224734129 171908942 1
152858638 71607429 1
860784909 940122624 3
869408558 822834043 3
926397221 834819525 3
220915691 87212884 1
106285269 81070686 1
102362463 73945858 1
897804444 784858739 3
183530933 812683140 2
129519539 757505339 2
181601618 164882105 1
113109959 879063241 2
827992534 115012967 4
158319715 203522688 1
108275790 832419323 2
90592450 179593313 1
876270511 120540300 4
779954146 821827348 3
837681649 832665045 3
237023942 819318632 2
140873756 197809791 1
797062154 892788921 3
874255949 913617312 3
827461511 233030338 4
224130311 160545958 1
154758797 883816750 2
133386634 235536164 1
238828026 871002494 2
96423084 233890057 1
870718011 205385337 4
93618833 166820337 1
887126338 141424317 4
260418797 104212747 1
117816508 180495896 1
223770625 913387570 2
196920313 75107857 1
872787581 159657949 4
44135664 905567910 2
152845654 251975009 1
885578050 148944827 4
196453768 270485178 1
129218723 881152897 2
176499378 838534214 2
125077888 86674817 1
758030793 38657045 4
110614860 186742136 1
120889074 798317737 2
841952351 797922167 3
880475989 126433750 4
828516842 918926809 3
116573023 814546705 2
135080207 230713354 1
891516174 207607864 4
799919053 825764344 3
746516881 177954731 4
809492366 811097987 3
810780637 914054200 3
896702022 899914737 3
174468636 747136827 2
835551943 130774635 4
126497581 914285992 2
781704992 810473443 3
66895994 135823016 1
170593651 188945345 1
837406675 927335114 3
742834063 239862197 4
195060166 895466364 2
144669732 166197467 1
129708878 773661148 2
855760081 128693552 4
830542911 872548086 3
134108405 888973036 2
147824672 828739934 2
107111503 128262191 1
138826576 839726097 2
815833561 141444568 4
168140437 813496526 2
113507997 194369983 1
858274230 171042363 4
924045339 201424262 4
207428907 845626518 2
155901914 185301691 1
208154076 164025290 1
729228258 995496236 0
785704660 863070538 3
813641073 877463392 3
836135600 881489624 3
959912846 906377793 3
808825301 91957607 4
182264262 219752826 1
821997999 836600312 3
86442175 863116254 2
883809896 869253663 3
171175965 822311829 2
135675865 141943598 1
870146189 149238740 4
801679857 198007938 4
81931409 890020849 2
99466528 789177636 2
298151547 203657527 1
132183159 899825522 2
744326259 840903834 3
847085468 956009592 3
27923961 868789094 2
852393669 800419190 3
215032911 240980716 1
213313514 850203145 2
87278915 905944114 2
852608925 815005691 3
167333555 874220572 2
154393429 78890155 1
840629233 186639930 4
207123349 815480782 2
140605339 136807119 1
799276768 939980031 3
918205702 164294324 4
882544182 157643968 4
877505010 878698630 3
789137161 853806084 3
156984979 827748826 2
883102725 836213017 3
132817807 241206678 1
851157358 847772628 3
903998804 149671915 4
890230281 915456080 3
774502273 137915075 4
206655918 172315321 1
157160649 838563061 2
939554942 899764097 3
839385265 835309501 3
916798961 862491292 3
858519142 184666932 4
884311252 851660345 3
879417652 949408610 3
210635588 786814468 2
145902637 794524215 2
185213965 170127826 1
920362528 96762704 4
778564033 123170122 4
879902140 930113373 3
194430378 164195496 1
164498238 129728323 1
815763062 231155998 4
164175997 160323271 1
194650923 848128915 2
775917767 208879884 4
161919044 892756199 2
157549141 145765837 1
861472797 205983051 4
901853462 26558931 4
144859951 152085690 1
840949263 809999492 3
827738812 919367188 3
853006943 798628786 3
153155072 870198092 2
186401273 143049823 1
889266809 855393515 3
883320471 175791117 4
809112583 174895938 4
842454696 134419483 4
73499757 261377649 1
167818495 98964747 1
854827238 854839947 3
777633252 107828381 4
72044205 116816790 1
87572490 108426575 1
849402621 890064749 3
852105589 751152984 3
85146721 803652186 2
178361151 854243498 2
121015829 203871242 1
184902769 832931499 2
835187035 190140727 4
190366635 826338695 2
174171732 91030137 1
870744278 796202389 3
146902291 161843094 1
81859956 848904696 2
821377139 928426309 3
205123555 196056211 1
37678433 158318844 1
800553974 948085082 3
799563231 187727713 4
137964871 850322831 2
167381650 214707394 1
201352070 785811944 2
827112315 836867970 3
852161910 907284854 3
113756791 236541710 1
891964611 919761498 3
81313875 837125860 2
913192374 824606058 3
861789944 835744041 3
888376055 249783730 4
990956974 130258338 4
93119329 891717348 2
842093638 187798914 4
858736587 855768305 3
193535896 122001217 1
211466014 207703626 1
183209776 162226580 1
853978336 842487322 3
227107562 877094488 2
221275139 855236444 2
890052733 901061398 3
810238856 205059778 4
908590575 174399729 4
855835179 820729191 3
167462054 833247586 2
901154710 835664554 3
843258792 847585656 3
135041197 176905765 1
716610840 216623268 4
148831983 858003439 2
837601434 142921621 4
893826439 799706778 3
836678466 165692917 4
901212360 822793289 3
176672154 249312387 1
150072275 192085596 1
109678380 215557138 1
981088608 927334209 3
892602866 767467246 3
189051467 101827840 1
177140719 869209935 2
804741302 215086123 4
161758682 175274961 1
910845370 85900677 4
947503981 238818276 4
200716536 853557289 2
794853204 111500129 4
72268528 846636974 2
847151400 175483936 4
859063438 821827452 3
139412181 936698028 2
815674326 847080707 3
862987083 861649608 3
865665494 854809356 3
139312450 170946803 1
827728428 863306849 3
105599683 848310139 2
890517828 225512650 4
109011293 194260271 1
246232543 753628013 2
845596086 886742776 3
843631041 297632508 4
110438928 224902304 1
836415636 837381602 3
805669513 762017474 3
813587046 117287761 4
870577494 907926300 3
103076924 822380374 2
780284130 178235604 4
174172874 61179141 1
882471276 798598603 3
160093705 865282059 2
107325592 873335160 2
187419118 885950306 2
143890454 878505643 2
124509600 183755471 1
172675516 818923652 2
855099172 849791671 3
994020854 129148980 4
849204833 895437484 3
895391096 109817375 4
806718913 148693880 4
173973733 236960638 1
128510085 138349279 1
834384090 722398327 3
139844720 295060394 1
888817364 848666874 3
859329537 137381418 4
910791727 207124635 4
905113201 65636349 4
181601484 924149746 2
104593284 814062371 2
168928099 835600991 2
930102594 188929532 4
823936806 882633771 3
850950991 873350425 3
845619776 880858680 3
809507653 163426972 4
237063393 830562250 2
189231596 868949134 2
770163062 197738090 4
811895139 134346744 4
937695056 852475396 3
744838217 218517417 4
183107163 896981529 2
146828048 190661423 1
878852534 164491699 4
890639034 838099490 3
834989204 172344172 4
854041205 188118728 4
909312435 819327380 3
833893303 875647433 3
223329864 112762938 1
73926009 864556496 2
130751115 52091622 1
159302785 69095153 1
852759886 861222328 3
163453178 129371795 1
904977628 870101780 3
152805476 816222452 2
153555795 887379861 2
860861572 785333511 3
161282307 891649089 2
196194343 884441606 2
926481026 841560678 3
970693503 870134137 3
138270672 184193779 1
172652504 822135174 2
877882687 285649531 4
847856372 867754953 3
738513935 901352963 3
864335382 130062393 4
225506422 176411706 1
753066096 734738351 3
884150512 185358203 4
870220484 130167586 4
185297068 202346796 1
866217231 100369057 4
819595884 198270146 4
182139032 171347541 1
127761630 159142811 1
239563324 199031712 1
280622826 829534013 2
840707221 141545989 4
211247170 177048751 1
844127407 220925227 4
834410846 906142275 3
846743203 165010803 4
855077993 123902539 4
255626125 836270746 2
167130873 127402624 1
835555045 930785163 3
804809264 166154598 4
176179779 161317291 1
150900813 862869181 2
894155614 52568637 4
807030759 167924277 4
162173925 891910214 2
863823317 101261662 4
839149925 905026936 3
135990728 150308959 1
772503852 142256925 4
197256149 96294484 1
805111686 854131065 3
198349280 203462826 1
166220940 919156071 2
81789156 197009902 1
115067463 762970462 2
836186294 110599944 4
125713564 186664765 1
151158876 155665171 1
830735696 109974791 4
868061479 85470106 4
174432537 201526632 1
873295315 850744410 3
220317859 830973967 2
74566824 854073033 2
885089259 168404555 4
184184350 892315104 2
124735848 83073178 1
171221582 196740441 1
884784740 176015249 4
134129583 102403479 1
132630442 161146017 1
157658649 770434647 2
783578513 867485685 3
882491677 134290271 4
135008537 829802542 2
902080007 86992840 4
965539948 116935175 4
839739939 187478696 4
191295657 176858741 1
180389659 198679085 1
165796918 863159995 2
888111304 853153368 3
841283572 121290483 4
145876936 128662439 1
861131517 823719559 3
125870006 80710211 1
951464864 836146444 3
162885511 178699757 1
958950561 141440051 4
161004220 742452482 2
107653923 947884235 2
195189586 102775339 1
829910135 100791912 4
134194537 160125191 1
110367361 877917927 2
170272504 912613903 2
819269822 824850325 3
130303636 924761123 2
172502915 778434477 2
160806178 145960687 1
874954963 847543444 3
880610434 167176295 4
231349879 819962619 2
881619409 863649915 3
151356455 814408135 2
886635103 190295319 4
864340126 889267226 3
178558666 750792050 2
122652667 93805014 1
840859737 942747364 3
165699410 152514756 1
242928501 206650897 1
157625253 862890658 2
859808454 874814708 3
814759307 134457331 4
788829226 812210388 3
880751791 144227937 4
843855991 832344631 3
855092378 960472006 3
823441373 189826871 4
222826329 80718364 1
223875792 167940637 1
145083417 867930159 2
872528891 80192880 4
93546146 883956534 2
931497554 796727228 3
879927966 76441560 4
861096226 805106890 3
842284015 140387959 4
193863826 253512419 1
832257769 117743563 4
853811930 220930013 4
193126800 126958280 1
194816746 862676480 2
890363141 120750422 4
804072753 867006652 3
92552091 120392400 1
160959476 133091347 1
252827100 148787411 1
84624269 855995952 2
107974273 780541806 2
120919667 858850341 2
758649072 94840974 4
833268149 129194832 4
852605764 852741910 3
132061489 153135483 1
108565095 881248484 2
152357550 837189723 2
109810677 123137128 1
880594277 855290026 3
805239516 864835440 3
90849158 145717467 1
840624340 133511311 4
186445708 156669502 1
153658801 166819807 1
987529018 855313659 3
821824754 233843420 4
858826733 172127368 4
275411084 149547849 1
912244159 865772284 3
795932618 150205041 4
812197857 126069533 4
855195392 842251603 3
890148145 139399474 4
888933244 153783136 4
941914014 66606852 4
204051667 167029874 1
107090624 76838193 1
844958270 913935210 3
820719399 886299595 3
107305018 172344622 1
839729699 812940332 3
115199917 840111783 2
146540995 781149461 2
850048055 174218602 4
822640388 168707331 4
193294589 92618052 1
172600563 214164027 1
731966525 229440402 4
241061374 898812118 2
122192544 753698731 2
107920039 728589786 2
96663268 850151347 2
868441413 208240528 4
119499813 211583817 1
212913152 874627202 2
960006692 891693667 3
864448449 877820691 3
99763599 900078438 2
854808376 121643336 4
198097367 202360249 1
80849806 899251238 2
214018551 165783577 1
843268119 95428743 4
798453543 97127906 4
92224082 846495787 2
129445981 143363050 1
868315835 893314838 3
796667965 794104813 3
928139734 132593034 4
169398382 771562033 2
725110654 800253129 3
898331410 225925233 4
149893850 839910660 2
896560011 189502394 4
134200795 15591981 1
874974797 191539150 4
854544228 852097490 3
115696683 155892113 1
132539960 102929202 1
846793207 148431836 4
158822800 806906144 2
66398472 882354436 2
156945255 836852055 2
903390600 833216894 3
843534237 267439381 4
788544065 179184912 4
808659456 171394289 4
867980600 860042405 3
151662563 152648458 1
104107145 940492519 2
228759345 816403020 2
805524752 223458226 4
140290273 813845458 2
156291238 139724792 1
812584171 840534933 3
190431400 230833259 1
828933295 207756831 4
146127150 810618592 2
854972269 828907934 3
220654252 807789304 2
909840616 838187784 3
837450805 861581500 3
143176731 841162965 2
142081866 880036423 2
218023364 895747754 2
225657829 176597021 1
903037366 849388958 3
736068669 918079298 3
139915728 119734857 1
161976100 881497026 2
182987418 887728604 2
100033355 810116471 2
839408029 169121007 4
102190747 136903326 1
139362863 847048291 2
806996843 118601106 4
252334853 908697709 2
153555696 783923522 2
869248245 176678899 4
166746817 79115172 1
256519622 834732834 2
157711149 833998124 2
137580045 928294045 2
908012573 242707562 4
834088745 115843117 4
869559932 287333763 4
840949578 816707491 3
903813419 899534608 3
834441665 164692644 4
182058657 203569470 1
841517354 177972992 4
778963209 188376563 4
125042465 121143742 1
112324236 154456848 1
939236261 806460452 3
861264747 932568365 3
812478816 895161615 3
169460229 805831900 2
841392992 208845705 4
135329151 280987625 1
268712928 848642715 2
794080009 779092579 3
869743546 132113174 4
832908193 834314767 3
819034846 807329391 3
228118288 118425938 1
129372584 872543837 2
178846153 190631797 1
943780273 149086855 4
837196257 924281404 3
896142060 914132526 3
163781618 175545647 1
853048986 831244998 3
85036681 881988653 2
218678215 878348391 2
780781255 79776162 4
904712995 97962241 4
871826554 834669594 3
876001418 832318891 3
776833289 191956593 4
820267490 195213970 4
170395738 135159324 1
172027790 267799302 1
822706992 868134076 3
259630529 863655660 2
161664468 120807586 1
141244680 159740535 1
991141446 896595026 3
875745638 195453311 4
220863800 820683691 2
894129462 936466700 3
858242758 64586380 4
820266720 823015216 3
838912539 817338583 3
194268456 195156253 1
931914432 198804030 4
192043981 179404361 1
840181283 119216007 4
169143579 145519600 1
897345427 833735909 3
83884556 118333871 1
824454246 815242544 3
865059109 809136165 3
889645947 869411890 3
847874833 154008319 4
865596411 807311298 3
884131484 872348437 3
799696390 876207549 3
922555883 95906998 4
796397395 138525112 4
128627995 102734322 1
874512867 113795977 4
109964923 156114215 1
143685089 788706542 2
926608034 830656561 3
175432122 113768619 1
234960753 190032676 1
928410908 73345784 4
216448834 185921037 1
864108486 840418474 3
206118222 166117363 1
900701547 105188661 4
875075660 128965768 4
897477392 111763066 4
877878051 168691089 4
867093586 867253653 3
65613096 852819445 2
900406904 891845967 3
863072515 821751884 3
832460013 230979987 4
824123772 180456047 4
271393978 808784555 2
901601287 878575684 3
139037875 878455571 2
975217223 867880270 3
895912841 143652715 4
952734331 953228971 3
813795895 876440556 3
133141045 935457835 2
238485977 190903895 1
877528821 226076136 4
85294927 855025576 2
195118060 142053585 1
830991615 826406135 3
807589305 865632014 3
821850808 210158436 4
901103420 754830430 3
185368819 1000000000 2
953243810 856511442 3
165401382 809946433 2
914971100 223846284 4
116424421 807365940 2
811401489 207976983 4
848914110 857449866 3
787655284 914276638 3
842754482 129525222 4
198138783 871874377 2
781767996 804243082 3
141898530 179887528 1
811650422 863406612 3
216614324 232197030 1
192910664 886400953 2
125439588 854875933 2
204853177 846571692 2
815175500 140055613 4
118118920 835239948 2
795880207 873722419 3
119212411 159137840 1
123768446 844599906 2
116099783 891431776 2
182237298 120061946 1
92910271 817962000 2
794388547 102432579 4
162035473 77796335 1
880677699 169841007 4
203284801 913176714 2
875901583 838899433 3
177250297 137136234 1
192040847 873092100 2
108846636 190928075 1
178696904 208733217 1
140045833 878609879 2
140369316 864412476 2
153425840 142800398 1
880508180 128535686 4
880006731 199223050 4
847707374 117240895 4
805227343 145106132 4
151895234 202762074 1
801391809 836811573 3
839600850 742217473 3
68915367 231571640 1
90809557 154224273 1
264939876 121926470 1
212122202 126172777 1
836055071 190154916 4
167770466 154257393 1
834596881 839974416 3
149039011 95400549 1
899157428 242980768 4
181785897 908945691 2
849473286 154712050 4
843664933 799678860 3
166052355 812380835 2
144891955 186772548 1
825421406 844427958 3
136408661 876521072 2
888095651 866569591 3
192926381 797538203 2
207681174 881689345 2
123638392 776791330 2
904947247 119089169 4
811015497 862622348 3
821833108 889139927 3
199871454 80235744 1
111566132 877921039 2
857340299 827819382 3
857279375 127683017 4
154956161 837881765 2
199970195 124494861 1
227708588 122735237 1
804418231 872656307 3
967951547 872606261 3
888139245 191177744 4
228945236 842065154 2
805384549 876011819 3
856579242 101712805 4
159535145 844947507 2
938511928 194953645 4
226207834 191070494 1
863046782 866367525 3
100494626 811780334 2
839056365 216482605 4
120126203 826038765 2
887242308 151745708 4
798307825 774619960 3
188248793 895968681 2
794744299 172969310 4
74023327 863222766 2
119551285 965369492 2
210428861 790278920 2
840990237 275946527 4
213506563 839829424 2
848489237 220195576 4
105058836 223882108 1
159468093 140001098 1
799010889 767457694 3
160474070 831107119 2
885051822 134199126 4
214695523 837036432 2
786822423 889466139 3
857365521 798336243 3
859765291 86066638 4
877752555 118724703 4
902010844 879046126 3
864213334 174669917 4
926085025 955740929 3
81459227 851667280 2
62199893 838464756 2
169101045 790681376 2
852374235 833724312 3
209232525 890301422 2
845161062 801219078 3
866741290 154117113 4
140450051 197993410 1
119221455 768592267 2
90825196 830764162 2
861430855 109407289 4
843823151 841701588 3
810148571 857911235 3
827693637 836547469 3
132865917 127249709 1
237733899 183192612 1
105679183 157221783 1
820413373 772059288 3
800291574 792625552 3
199393237 912248859 2
876679742 866122196 3
211612242 199277865 1
801158864 817010129 3
228224699 168959170 1
869846174 177714220 4
863551432 859403702 3
818431103 895216894 3
795420491 154696981 4
889497746 103892779 4
784754928 182164140 4
806914041 838351203 3
135810435 129503270 1
834037839 830966014 3
889126757 834672582 3
888221772 818329395 3
189406608 141038823 1
879581790 915581486 3
238784760 794512981 2
886150983 143081834 4
203482954 91073497 1
816193258 904072447 3
721272987 180207535 4
97003130 94043612 1
880726013 901997423 3
810253221 764161616 3
811622080 155626745 4
816869053 126108155 4
856040113 263387584 4
963526586 146519237 4
191688738 131489960 1
887769159 859573480 3
180668463 175434524 1
217633349 167784369 1
100144600 927115243 2
123460038 919610039 2
839694073 896746018 3
130924841 207728788 1
826178034 91126909 4
164951524 852250123 2
177822980 83192136 1
173077800 203652581 1
855904708 60850886 4
853948075 925995486 3
91044559 157256053 1
905913180 141438934 4
943733315 866125692 3
888148346 195797896 4
189658999 175647113 1
183434811 216778107 1
95175499 128167618 1
181256081 849917190 2
792651684 838850030 3
83581389 183296899 1
892309103 158190581 4
799693086 225215576 4
149739200 897413678 2
922863445 69092793 4
60306400 245621747 1
850170552 116865206 4
891487958 173644038 4
236766779 106156157 1
822475930 908394796 3
960077721 224650428 4
841802455 906745068 3
233845181 170619492 1
814892138 135671678 4
230819394 888178253 2
206296842 772326939 2
227196774 188025521 1
768228112 79567632 4
131827672 132822511 1
888968758 116622433 4
215729183 734043129 2
159014718 831761453 2
876906643 115375292 4
106075995 877008716 2
871522559 140759027 4
139866937 125014614 1
821847709 211644367 4
851472780 151010411 4
198702824 801942624 2
167761559 894534482 2
853485235 189294430 4
104450647 842412432 2
228857196 203473830 1
855355410 782945740 3
823100462 185535219 4
808389376 821774288 3
860625386 189041994 4
784969100 917473199 3
862590569 219126277 4
827735356 858119402 3
194859615 144029283 1
892535099 834304950 3
914524532 822083973 3
828007288 858681050 3
240934291 213656684 1
160998503 909026511 2
103793508 205179731 1
818327693 788344044 3
853920638 973216795 3
926867395 193282585 4
885006054 857239550 3
143001365 65893690 1
104895459 793416232 2
878321179 797978387 3
854664264 871165742 3
908949174 864779913 3
104398844 218875833 1
195454932 793483430 2
226802849 950150535 2
833749567 886092370 3
785807407 165252989 4
838700129 195406698 4
115176004 924436237 2
89443589 235758064 1
840760446 100286687 4
104930110 156098842 1
108772331 784689232 2
234629626 852303468 2
118401084 188712521 1
174361026 127089337 1
842261131 828215739 3
877679736 861546378 3
138795897 867307163 2
156624081 88013090 1
107263003 216497341 1
909481071 861098721 3
147404159 180673652 1
894161106 899731558 3
285969261 134395549 1
128942398 885281573 2
123590338 205844367 1
175593732 137789546 1
138096449 817092129 2
70733286 839770890 2
764973091 167528572 4
828270983 944709542 3
806595069 165858991 4
904985426 96396838 4
812017877 118805247 4
170334700 890591489 2
891939088 813000304 3
906984545 766660806 3
238932383 132537599 1
97684823 878404176 2
955116547 775468399 3
861909323 283351687 4
826949847 203003470 4
849485753 187024189 4
881082360 930883545 3
866560485 182713033 4
116817500 203618693 1
889147076 136106243 4
175274166 117785812 1
129802786 760073466 2
794063059 0 4
193639600 129911949 1
887062015 172071318 4
795134295 779609369 3
111907444 847227551 2
824235977 200564604 4
158585441 195346836 1
898925391 45352153 4
819776314 861984662 3
812936428 232537098 4
829397734 119860067 4
212806295 786469229 2
846440855 12810513 4
936057085 171299289 4
848151472 865003037 3
137689320 910658004 2
774379633 788475395 3
129146187 881238285 2
96130267 932761985 2
170211933 160144664 1
160688150 147904632 1
191438997 857688429 2
874167051 916209172 3
789614609 847084051 3
17098933 166740606 1
126696746 150776608 1
200599629 834224493 2
142854571 122628853 1
870249229 894146407 3
196674725 155215123 1
806114622 847470804 3
160222263 129401602 1
160577839 216137019 1
892514106 860611315 3
237671828 867355222 2
169513062 904875344 2
159183998 832211127 2
112790609 864254730 2
870396677 841167502 3
158550326 966284204 2
186496246 120411642 1
77300684 893770393 2
893668513 952732677 3
256825474 167261380 1
833995391 181340154 4
867450888 857027944 3
833584276 884264964 3
945182548 203297033 4
90633043 163515813 1
246104822 111815723 1
829443025 982721873 3
78714342 81423896 1
187997008 974388415 2
124632997 828445297 2
769355463 163019014 4
244433482 852849867 2
67528967 845145878 2
873436649 46766527 4
115007971 758621992 2
876831140 242434834 4
213598450 861796553 2
148913292 192965950 1
912718946 118492922 4
171694382 72233414 1
116885232 162468996 1
182531436 835707912 2
166847223 953186444 2
232945641 862789899 2
125150490 903353982 2
888868791 824208632 3
146504786 815679864 2
770092666 143373732 4
223493623 889487200 2
836683020 228990143 4
919807625 815659727 3
60124166 157219541 1
195833415 220676355 1
138770866 188414474 1
884249994 115311446 4
255020281 130413372 1
868267685 113625364 4
126400577 910815121 2
253001828 74802743 1
136697121 817407066 2
853849545 859377644 3
874153069 240602015 4
183583403 180586496 1
193048941 859167092 2
764865319 810795498 3
223219393 905878649 2
953149375 97245688 4
965392668 895013219 3
102633189 166098199 1
155962006 68428402 1
211345623 859044870 2
887365305 144881652 4
171096227 195124816 1
257577441 71798901 1
212347107 838170821 2
112095876 817986684 2
158167085 911752073 2
794115266 211474913 4
909691968 147619020 4
206303366 796360246 2
194878547 906010685 2
151191748 896307450 2
149297743 730024414 2
